Mplus VERSION 7
MUTHEN & MUTHEN
03/24/2016  10:09 PM

INPUT INSTRUCTIONS


  TITLE: IH CFA

  DATA: FILE IS "/Users/Kathryniurino/dropbox/Documents/Intellectual Humility/
  ih_mturk_data Mplus.csv";

  VARIABLE: NAMES ARE IH01-IH52 gender
  age race sat act phil_cls psyc_cls educ;
  USEVARIABLES ARE IH27 IH34 IH35 IH45 IH50 IH51
  IH08 IH10 IH11 IH13 IH15 IH32
  IH18 IH24 IH25 IH26 IH29 IH31
  IH37 IH38 IH39 IH40 IH43;

  MISSING ARE ALL (999);

  ANALYSIS:
  TYPE=GENERAL;
  ESTIMATOR=MLR;

  MODEL:
  humility BY IH27* IH34 IH35 IH45 IH50 IH51;
  vanity BY IH08* IH10 IH11 IH13 IH15 IH32;
  embarrassed BY IH37* IH38 IH39 IH40 IH43;
  boredom BY IH18* IH24 IH25 IH26 IH29 IH31;
  humility-boredom@1;

  OUTPUT: STDYX tech4 modindices(20) RESIDUAL;




*** WARNING
  Variable name contains more than 8 characters.
  Only the first 8 characters will be printed in the output.
  Variable: EMBARRASSED
   1 WARNING(S) FOUND IN THE INPUT INSTRUCTIONS



IH CFA

SUMMARY OF ANALYSIS

Number of groups                                                 1
Number of observations                                         465

Number of dependent variables                                   23
Number of independent variables                                  0
Number of continuous latent variables                            4

Observed dependent variables

  Continuous
   IH27        IH34        IH35        IH45        IH50        IH51
   IH08        IH10        IH11        IH13        IH15        IH32
   IH18        IH24        IH25        IH26        IH29        IH31
   IH37        IH38        IH39        IH40        IH43

Continuous latent variables
   HUMILITY    VANITY      EMBARRAS    BOREDOM


Estimator                                                      MLR
Information matrix                                        OBSERVED
Maximum number of iterations                                  1000
Convergence criterion                                    0.500D-04
Maximum number of steepest descent iterations                   20
Maximum number of iterations for H1                           2000
Convergence criterion for H1                             0.100D-03

Input data file(s)
  /Users/Kathryniurino/dropbox/Documents/Intellectual Humility/ih_mturk_data Mpl

Input data format  FREE


SUMMARY OF DATA

     Number of missing data patterns            18


COVARIANCE COVERAGE OF DATA

Minimum covariance coverage value   0.100


     PROPORTION OF DATA PRESENT


           Covariance Coverage
              IH27          IH34          IH35          IH45          IH50
              ________      ________      ________      ________      ________
 IH27           1.000
 IH34           1.000         1.000
 IH35           0.998         0.998         0.998
 IH45           0.994         0.994         0.991         0.994
 IH50           0.996         0.996         0.994         0.989         0.996
 IH51           0.991         0.991         0.989         0.985         0.991
 IH08           1.000         1.000         0.998         0.994         0.996
 IH10           0.991         0.991         0.991         0.987         0.987
 IH11           0.998         0.998         0.996         0.991         0.996
 IH13           0.998         0.998         0.996         0.991         0.996
 IH15           0.994         0.994         0.991         0.989         0.991
 IH32           0.994         0.994         0.991         0.987         0.991
 IH18           0.994         0.994         0.991         0.987         0.989
 IH24           0.996         0.996         0.994         0.989         0.994
 IH25           0.996         0.996         0.994         0.989         0.991
 IH26           0.998         0.998         0.996         0.991         0.994
 IH29           1.000         1.000         0.998         0.994         0.996
 IH31           0.998         0.998         0.996         0.991         0.994
 IH37           0.991         0.991         0.989         0.987         0.987
 IH38           1.000         1.000         0.998         0.994         0.996
 IH39           0.998         0.998         0.996         0.991         0.994
 IH40           1.000         1.000         0.998         0.994         0.996
 IH43           0.989         0.989         0.987         0.985         0.989


           Covariance Coverage
              IH51          IH08          IH10          IH11          IH13
              ________      ________      ________      ________      ________
 IH51           0.991
 IH08           0.991         1.000
 IH10           0.983         0.991         0.991
 IH11           0.991         0.998         0.989         0.998
 IH13           0.991         0.998         0.989         0.996         0.998
 IH15           0.987         0.994         0.987         0.991         0.994
 IH32           0.987         0.994         0.985         0.994         0.991
 IH18           0.985         0.994         0.985         0.991         0.991
 IH24           0.989         0.996         0.987         0.994         0.996
 IH25           0.987         0.996         0.989         0.994         0.994
 IH26           0.989         0.998         0.989         0.996         0.996
 IH29           0.991         1.000         0.991         0.998         0.998
 IH31           0.989         0.998         0.989         0.996         0.996
 IH37           0.983         0.991         0.985         0.989         0.989
 IH38           0.991         1.000         0.991         0.998         0.998
 IH39           0.989         0.998         0.989         0.996         0.996
 IH40           0.991         1.000         0.991         0.998         0.998
 IH43           0.985         0.989         0.981         0.989         0.989


           Covariance Coverage
              IH15          IH32          IH18          IH24          IH25
              ________      ________      ________      ________      ________
 IH15           0.994
 IH32           0.987         0.994
 IH18           0.989         0.987         0.994
 IH24           0.991         0.989         0.989         0.996
 IH25           0.991         0.989         0.991         0.991         0.996
 IH26           0.994         0.991         0.994         0.994         0.996
 IH29           0.994         0.994         0.994         0.996         0.996
 IH31           0.991         0.994         0.991         0.994         0.994
 IH37           0.989         0.987         0.987         0.987         0.989
 IH38           0.994         0.994         0.994         0.996         0.996
 IH39           0.991         0.991         0.991         0.994         0.994
 IH40           0.994         0.994         0.994         0.996         0.996
 IH43           0.985         0.985         0.983         0.987         0.985


           Covariance Coverage
              IH26          IH29          IH31          IH37          IH38
              ________      ________      ________      ________      ________
 IH26           0.998
 IH29           0.998         1.000
 IH31           0.996         0.998         0.998
 IH37           0.991         0.991         0.991         0.991
 IH38           0.998         1.000         0.998         0.991         1.000
 IH39           0.996         0.998         0.996         0.989         0.998
 IH40           0.998         1.000         0.998         0.991         1.000
 IH43           0.987         0.989         0.987         0.981         0.989


           Covariance Coverage
              IH39          IH40          IH43
              ________      ________      ________
 IH39           0.998
 IH40           0.998         1.000
 IH43           0.987         0.989         0.989



THE MODEL ESTIMATION TERMINATED NORMALLY



MODEL FIT INFORMATION

Number of Free Parameters                       75

Loglikelihood

          H0 Value                      -17161.889
          H0 Scaling Correction Factor      1.3499
            for MLR
          H1 Value                      -16840.432
          H1 Scaling Correction Factor      1.2769
            for MLR

Information Criteria

          Akaike (AIC)                   34473.778
          Bayesian (BIC)                 34784.431
          Sample-Size Adjusted BIC       34546.399
            (n* = (n + 2) / 24)

Chi-Square Test of Model Fit

          Value                            513.300*
          Degrees of Freedom                   224
          P-Value                           0.0000
          Scaling Correction Factor         1.2525
            for MLR

*   The chi-square value for MLM, MLMV, MLR, ULSMV, WLSM and WLSMV cannot be used
    for chi-square difference testing in the regular way.  MLM, MLR and WLSM
    chi-square difference testing is described on the Mplus website.  MLMV, WLSMV,
    and ULSMV difference testing is done using the DIFFTEST option.

RMSEA (Root Mean Square Error Of Approximation)

          Estimate                           0.053
          90 Percent C.I.                    0.047  0.059
          Probability RMSEA <= .05           0.224

CFI/TLI

          CFI                                0.902
          TLI                                0.889

Chi-Square Test of Model Fit for the Baseline Model

          Value                           3197.736
          Degrees of Freedom                   253
          P-Value                           0.0000

SRMR (Standardized Root Mean Square Residual)

          Value                              0.059



MODEL RESULTS

                                                    Two-Tailed
                    Estimate       S.E.  Est./S.E.    P-Value

 HUMILITY BY
    IH27              -0.851      0.070    -12.242      0.000
    IH34               0.730      0.067     10.818      0.000
    IH35               0.786      0.057     13.758      0.000
    IH45               0.792      0.057     13.789      0.000
    IH50              -0.725      0.066    -11.031      0.000
    IH51              -1.002      0.072    -13.957      0.000

 VANITY   BY
    IH08              -1.164      0.069    -16.946      0.000
    IH10               0.887      0.072     12.230      0.000
    IH11               1.117      0.072     15.591      0.000
    IH13              -0.764      0.082     -9.307      0.000
    IH15               1.052      0.070     14.918      0.000
    IH32               1.262      0.060     20.936      0.000

 EMBARRAS BY
    IH37               1.164      0.072     16.163      0.000
    IH38               1.226      0.059     20.834      0.000
    IH39              -0.965      0.072    -13.393      0.000
    IH40              -0.905      0.081    -11.218      0.000
    IH43               1.115      0.061     18.157      0.000

 BOREDOM  BY
    IH18               0.863      0.074     11.667      0.000
    IH24              -0.609      0.067     -9.132      0.000
    IH25               0.860      0.080     10.774      0.000
    IH26               0.839      0.070     12.018      0.000
    IH29               0.929      0.065     14.349      0.000
    IH31               0.845      0.080     10.598      0.000

 VANITY   WITH
    HUMILITY          -0.261      0.049     -5.322      0.000

 EMBARRAS WITH
    HUMILITY          -0.683      0.043    -16.021      0.000
    VANITY             0.461      0.052      8.828      0.000

 BOREDOM  WITH
    HUMILITY          -0.804      0.034    -23.625      0.000
    VANITY             0.278      0.062      4.451      0.000
    EMBARRASSE         0.732      0.044     16.630      0.000

 Intercepts
    IH27               2.413      0.062     39.165      0.000
    IH34               6.088      0.050    120.783      0.000
    IH35               5.982      0.049    121.791      0.000
    IH45               5.803      0.052    112.232      0.000
    IH50               1.747      0.051     34.468      0.000
    IH51               2.355      0.063     37.129      0.000
    IH08               4.204      0.078     53.818      0.000
    IH10               4.352      0.071     61.261      0.000
    IH11               4.400      0.071     61.637      0.000
    IH13               4.776      0.075     63.619      0.000
    IH15               3.850      0.071     54.236      0.000
    IH32               4.094      0.076     54.165      0.000
    IH18               3.200      0.071     45.337      0.000
    IH24               5.603      0.058     95.908      0.000
    IH25               3.392      0.076     44.683      0.000
    IH26               3.139      0.069     45.762      0.000
    IH29               2.746      0.068     40.667      0.000
    IH31               2.888      0.075     38.699      0.000
    IH37               3.724      0.078     47.933      0.000
    IH38               2.785      0.070     39.993      0.000
    IH39               4.925      0.067     73.408      0.000
    IH40               4.148      0.076     54.500      0.000
    IH43               2.719      0.069     39.541      0.000

 Variances
    HUMILITY           1.000      0.000    999.000    999.000
    VANITY             1.000      0.000    999.000    999.000
    EMBARRASSE         1.000      0.000    999.000    999.000
    BOREDOM            1.000      0.000    999.000    999.000

 Residual Variances
    IH27               1.041      0.114      9.155      0.000
    IH34               0.649      0.113      5.743      0.000
    IH35               0.504      0.066      7.650      0.000
    IH45               0.609      0.074      8.251      0.000
    IH50               0.661      0.105      6.306      0.000
    IH51               0.850      0.108      7.834      0.000
    IH08               1.482      0.136     10.878      0.000
    IH10               1.542      0.119     12.978      0.000
    IH11               1.115      0.123      9.095      0.000
    IH13               2.034      0.170     11.974      0.000
    IH15               1.228      0.124      9.885      0.000
    IH32               1.052      0.097     10.874      0.000
    IH18               1.564      0.156     10.022      0.000
    IH24               1.211      0.119     10.198      0.000
    IH25               1.934      0.159     12.198      0.000
    IH26               1.484      0.128     11.612      0.000
    IH29               1.257      0.126      9.968      0.000
    IH31               1.872      0.159     11.805      0.000
    IH37               1.432      0.156      9.162      0.000
    IH38               0.752      0.082      9.140      0.000
    IH39               1.158      0.113     10.259      0.000
    IH40               1.876      0.133     14.131      0.000
    IH43               0.948      0.088     10.798      0.000


STANDARDIZED MODEL RESULTS


STDYX Standardization

                                                    Two-Tailed
                    Estimate       S.E.  Est./S.E.    P-Value

 HUMILITY BY
    IH27              -0.641      0.042    -15.130      0.000
    IH34               0.671      0.049     13.569      0.000
    IH35               0.742      0.033     22.466      0.000
    IH45               0.713      0.033     21.724      0.000
    IH50              -0.666      0.043    -15.658      0.000
    IH51              -0.736      0.037    -20.132      0.000

 VANITY   BY
    IH08              -0.691      0.034    -20.072      0.000
    IH10               0.581      0.041     14.345      0.000
    IH11               0.727      0.036     19.965      0.000
    IH13              -0.472      0.050     -9.507      0.000
    IH15               0.688      0.038     18.018      0.000
    IH32               0.776      0.025     31.128      0.000

 EMBARRAS BY
    IH37               0.697      0.038     18.169      0.000
    IH38               0.816      0.023     35.478      0.000
    IH39              -0.668      0.038    -17.384      0.000
    IH40              -0.551      0.044    -12.478      0.000
    IH43               0.753      0.027     27.946      0.000

 BOREDOM  BY
    IH18               0.568      0.047     12.078      0.000
    IH24              -0.484      0.048    -10.112      0.000
    IH25               0.526      0.046     11.317      0.000
    IH26               0.567      0.043     13.196      0.000
    IH29               0.638      0.038     16.596      0.000
    IH31               0.525      0.047     11.292      0.000

 VANITY   WITH
    HUMILITY          -0.261      0.049     -5.322      0.000

 EMBARRAS WITH
    HUMILITY          -0.683      0.043    -16.021      0.000
    VANITY             0.461      0.052      8.828      0.000

 BOREDOM  WITH
    HUMILITY          -0.804      0.034    -23.625      0.000
    VANITY             0.278      0.062      4.451      0.000
    EMBARRASSE         0.732      0.044     16.630      0.000

 Intercepts
    IH27               1.816      0.052     35.261      0.000
    IH34               5.601      0.369     15.173      0.000
    IH35               5.647      0.309     18.283      0.000
    IH45               5.218      0.281     18.588      0.000
    IH50               1.604      0.069     23.132      0.000
    IH51               1.729      0.050     34.478      0.000
    IH08               2.496      0.076     32.725      0.000
    IH10               2.852      0.101     28.332      0.000
    IH11               2.862      0.106     26.908      0.000
    IH13               2.953      0.109     27.053      0.000
    IH15               2.520      0.083     30.197      0.000
    IH32               2.518      0.085     29.783      0.000
    IH18               2.106      0.058     36.086      0.000
    IH24               4.454      0.213     20.955      0.000
    IH25               2.075      0.058     35.935      0.000
    IH26               2.123      0.058     36.285      0.000
    IH29               1.886      0.050     37.788      0.000
    IH31               1.796      0.045     39.571      0.000
    IH37               2.230      0.063     35.271      0.000
    IH38               1.855      0.048     38.633      0.000
    IH39               3.407      0.145     23.446      0.000
    IH40               2.527      0.076     33.046      0.000
    IH43               1.837      0.047     39.417      0.000

 Variances
    HUMILITY           1.000      0.000    999.000    999.000
    VANITY             1.000      0.000    999.000    999.000
    EMBARRASSE         1.000      0.000    999.000    999.000
    BOREDOM            1.000      0.000    999.000    999.000

 Residual Variances
    IH27               0.590      0.054     10.867      0.000
    IH34               0.549      0.066      8.264      0.000
    IH35               0.449      0.049      9.149      0.000
    IH45               0.492      0.047     10.533      0.000
    IH50               0.557      0.057      9.836      0.000
    IH51               0.458      0.054      8.519      0.000
    IH08               0.522      0.048     10.970      0.000
    IH10               0.662      0.047     14.076      0.000
    IH11               0.472      0.053      8.920      0.000
    IH13               0.777      0.047     16.581      0.000
    IH15               0.526      0.053     10.005      0.000
    IH32               0.398      0.039     10.286      0.000
    IH18               0.678      0.053     12.697      0.000
    IH24               0.766      0.046     16.513      0.000
    IH25               0.724      0.049     14.814      0.000
    IH26               0.678      0.049     13.916      0.000
    IH29               0.593      0.049     12.084      0.000
    IH31               0.724      0.049     14.817      0.000
    IH37               0.514      0.054      9.596      0.000
    IH38               0.333      0.038      8.875      0.000
    IH39               0.554      0.051     10.797      0.000
    IH40               0.696      0.049     14.299      0.000
    IH43               0.433      0.041     10.652      0.000


R-SQUARE

    Observed                                        Two-Tailed
    Variable        Estimate       S.E.  Est./S.E.    P-Value

    IH27               0.410      0.054      7.565      0.000
    IH34               0.451      0.066      6.784      0.000
    IH35               0.551      0.049     11.233      0.000
    IH45               0.508      0.047     10.862      0.000
    IH50               0.443      0.057      7.829      0.000
    IH51               0.542      0.054     10.066      0.000
    IH08               0.478      0.048     10.036      0.000
    IH10               0.338      0.047      7.173      0.000
    IH11               0.528      0.053      9.983      0.000
    IH13               0.223      0.047      4.753      0.000
    IH15               0.474      0.053      9.009      0.000
    IH32               0.602      0.039     15.564      0.000
    IH18               0.322      0.053      6.039      0.000
    IH24               0.234      0.046      5.056      0.000
    IH25               0.276      0.049      5.659      0.000
    IH26               0.322      0.049      6.598      0.000
    IH29               0.407      0.049      8.298      0.000
    IH31               0.276      0.049      5.646      0.000
    IH37               0.486      0.054      9.085      0.000
    IH38               0.667      0.038     17.739      0.000
    IH39               0.446      0.051      8.692      0.000
    IH40               0.304      0.049      6.239      0.000
    IH43               0.567      0.041     13.973      0.000


QUALITY OF NUMERICAL RESULTS

     Condition Number for the Information Matrix              0.650E-02
       (ratio of smallest to largest eigenvalue)


RESIDUAL OUTPUT


     ESTIMATED MODEL AND RESIDUALS (OBSERVED - ESTIMATED)


           Model Estimated Means/Intercepts/Thresholds
              IH27          IH34          IH35          IH45          IH50
              ________      ________      ________      ________      ________
      1         2.413         6.088         5.982         5.803         1.747


           Model Estimated Means/Intercepts/Thresholds
              IH51          IH08          IH10          IH11          IH13
              ________      ________      ________      ________      ________
      1         2.355         4.204         4.352         4.400         4.776


           Model Estimated Means/Intercepts/Thresholds
              IH15          IH32          IH18          IH24          IH25
              ________      ________      ________      ________      ________
      1         3.850         4.094         3.200         5.603         3.392


           Model Estimated Means/Intercepts/Thresholds
              IH26          IH29          IH31          IH37          IH38
              ________      ________      ________      ________      ________
      1         3.139         2.746         2.888         3.724         2.785


           Model Estimated Means/Intercepts/Thresholds
              IH39          IH40          IH43
              ________      ________      ________
      1         4.925         4.148         2.719


           Residuals for Means/Intercepts/Thresholds
              IH27          IH34          IH35          IH45          IH50
              ________      ________      ________      ________      ________
      1         0.000         0.000        -0.001         0.002         0.000


           Residuals for Means/Intercepts/Thresholds
              IH51          IH08          IH10          IH11          IH13
              ________      ________      ________      ________      ________
      1         0.002         0.000        -0.001         0.002        -0.001


           Residuals for Means/Intercepts/Thresholds
              IH15          IH32          IH18          IH24          IH25
              ________      ________      ________      ________      ________
      1         0.002         0.001         0.000         0.001         0.001


           Residuals for Means/Intercepts/Thresholds
              IH26          IH29          IH31          IH37          IH38
              ________      ________      ________      ________      ________
      1         0.001         0.000        -0.001         0.000         0.000


           Residuals for Means/Intercepts/Thresholds
              IH39          IH40          IH43
              ________      ________      ________
      1         0.000         0.000         0.003


           Standardized Residuals (z-scores) for Means/Intercepts/Thresholds
              IH27          IH34          IH35          IH45          IH50
              ________      ________      ________      ________      ________
      1         0.000         0.000        -0.454       999.000         0.191


           Standardized Residuals (z-scores) for Means/Intercepts/Thresholds
              IH51          IH08          IH10          IH11          IH13
              ________      ________      ________      ________      ________
      1         0.617         0.000        -0.621       999.000        -0.293


           Standardized Residuals (z-scores) for Means/Intercepts/Thresholds
              IH15          IH32          IH18          IH24          IH25
              ________      ________      ________      ________      ________
      1       999.000         0.559       999.000       999.000         0.304


           Standardized Residuals (z-scores) for Means/Intercepts/Thresholds
              IH26          IH29          IH31          IH37          IH38
              ________      ________      ________      ________      ________
      1       999.000         0.000        -0.882        -0.981         0.000


           Standardized Residuals (z-scores) for Means/Intercepts/Thresholds
              IH39          IH40          IH43
              ________      ________      ________
      1       999.000         0.000         1.574


           Normalized Residuals for Means/Intercepts/Thresholds
              IH27          IH34          IH35          IH45          IH50
              ________      ________      ________      ________      ________
      1         0.000         0.000        -0.013         0.034         0.009


           Normalized Residuals for Means/Intercepts/Thresholds
              IH51          IH08          IH10          IH11          IH13
              ________      ________      ________      ________      ________
      1         0.035         0.000        -0.009         0.027        -0.007


           Normalized Residuals for Means/Intercepts/Thresholds
              IH15          IH32          IH18          IH24          IH25
              ________      ________      ________      ________      ________
      1         0.027         0.016        -0.006         0.016         0.015


           Normalized Residuals for Means/Intercepts/Thresholds
              IH26          IH29          IH31          IH37          IH38
              ________      ________      ________      ________      ________
      1         0.009         0.000        -0.011        -0.006         0.000


           Normalized Residuals for Means/Intercepts/Thresholds
              IH39          IH40          IH43
              ________      ________      ________
      1         0.004         0.000         0.049


           Model Estimated Covariances/Correlations/Residual Correlations
              IH27          IH34          IH35          IH45          IH50
              ________      ________      ________      ________      ________
 IH27           1.765
 IH34          -0.621         1.181
 IH35          -0.669         0.574         1.122
 IH45          -0.674         0.578         0.623         1.237
 IH50           0.617        -0.529        -0.570        -0.575         1.187
 IH51           0.853        -0.731        -0.788        -0.794         0.727
 IH08          -0.259         0.222         0.239         0.241        -0.221
 IH10           0.197        -0.169        -0.182        -0.184         0.168
 IH11           0.249        -0.213        -0.230        -0.232         0.212
 IH13          -0.170         0.146         0.157         0.158        -0.145
 IH15           0.234        -0.201        -0.216        -0.218         0.199
 IH32           0.281        -0.241        -0.259        -0.261         0.239
 IH18           0.590        -0.506        -0.546        -0.550         0.503
 IH24          -0.417         0.357         0.385         0.388        -0.355
 IH25           0.588        -0.504        -0.544        -0.548         0.501
 IH26           0.574        -0.492        -0.531        -0.535         0.489
 IH29           0.636        -0.545        -0.588        -0.592         0.542
 IH31           0.578        -0.496        -0.534        -0.538         0.493
 IH37           0.677        -0.580        -0.625        -0.630         0.577
 IH38           0.712        -0.611        -0.658        -0.663         0.607
 IH39          -0.561         0.481         0.518         0.522        -0.478
 IH40          -0.526         0.451         0.486         0.489        -0.448
 IH43           0.648        -0.556        -0.599        -0.603         0.552


           Model Estimated Covariances/Correlations/Residual Correlations
              IH51          IH08          IH10          IH11          IH13
              ________      ________      ________      ________      ________
 IH51           1.854
 IH08          -0.305         2.838
 IH10           0.232        -1.032         2.328
 IH11           0.293        -1.301         0.990         2.363
 IH13          -0.200         0.889        -0.677        -0.853         2.617
 IH15           0.276        -1.224         0.932         1.175        -0.803
 IH32           0.331        -1.469         1.119         1.410        -0.963
 IH18           0.695        -0.279         0.212         0.268        -0.183
 IH24          -0.491         0.197        -0.150        -0.189         0.129
 IH25           0.693        -0.278         0.212         0.267        -0.182
 IH26           0.676        -0.271         0.207         0.260        -0.178
 IH29           0.749        -0.300         0.229         0.288        -0.197
 IH31           0.681        -0.273         0.208         0.262        -0.179
 IH37           0.797        -0.625         0.476         0.600        -0.410
 IH38           0.839        -0.658         0.501         0.632        -0.432
 IH39          -0.660         0.519        -0.395        -0.497         0.340
 IH40          -0.619         0.486        -0.370        -0.466         0.319
 IH43           0.763        -0.599         0.456         0.575        -0.393


           Model Estimated Covariances/Correlations/Residual Correlations
              IH15          IH32          IH18          IH24          IH25
              ________      ________      ________      ________      ________
 IH15           2.334
 IH32           1.327         2.644
 IH18           0.252         0.302         2.308
 IH24          -0.178        -0.213        -0.525         1.582
 IH25           0.251         0.301         0.741        -0.523         2.673
 IH26           0.245         0.294         0.724        -0.511         0.721
 IH29           0.271         0.326         0.801        -0.566         0.799
 IH31           0.247         0.296         0.729        -0.514         0.726
 IH37           0.565         0.678         0.736        -0.519         0.733
 IH38           0.595         0.713         0.775        -0.547         0.772
 IH39          -0.468        -0.562        -0.610         0.431        -0.608
 IH40          -0.439        -0.526        -0.572         0.404        -0.570
 IH43           0.541         0.649         0.705        -0.497         0.702


           Model Estimated Covariances/Correlations/Residual Correlations
              IH26          IH29          IH31          IH37          IH38
              ________      ________      ________      ________      ________
 IH26           2.188
 IH29           0.779         2.121
 IH31           0.708         0.785         2.585
 IH37           0.715         0.792         0.720         2.788
 IH38           0.753         0.834         0.758         1.428         2.255
 IH39          -0.593        -0.657        -0.597        -1.124        -1.183
 IH40          -0.556        -0.616        -0.560        -1.053        -1.109
 IH43           0.685         0.759         0.690         1.299         1.367


           Model Estimated Covariances/Correlations/Residual Correlations
              IH39          IH40          IH43
              ________      ________      ________
 IH39           2.090
 IH40           0.873         2.694
 IH43          -1.077        -1.009         2.192


           Residuals for Covariances/Correlations/Residual Correlations
              IH27          IH34          IH35          IH45          IH50
              ________      ________      ________      ________      ________
 IH27           0.000
 IH34           0.088         0.000
 IH35           0.126         0.120        -0.001
 IH45           0.060         0.035         0.067         0.001
 IH50           0.020        -0.003         0.020         0.014         0.000
 IH51           0.118         0.091         0.035         0.030         0.046
 IH08          -0.111         0.046        -0.066         0.033         0.054
 IH10          -0.019         0.252         0.273         0.208        -0.027
 IH11           0.127         0.008         0.105         0.077         0.058
 IH13          -0.304         0.360         0.197         0.289        -0.174
 IH15           0.140         0.086         0.054        -0.076         0.050
 IH32           0.062         0.112         0.180        -0.044        -0.007
 IH18           0.157         0.107         0.015         0.075         0.016
 IH24           0.051         0.039         0.115         0.189         0.115
 IH25           0.333         0.163         0.105         0.243        -0.095
 IH26           0.274         0.077         0.055        -0.019        -0.060
 IH29           0.022        -0.002         0.005         0.090         0.010
 IH31           0.186         0.075         0.067         0.047         0.077
 IH37           0.088         0.123         0.272         0.162        -0.115
 IH38           0.136        -0.018        -0.001        -0.058         0.108
 IH39          -0.096         0.076         0.008         0.165         0.004
 IH40           0.202        -0.077        -0.191        -0.113         0.335
 IH43           0.142        -0.098        -0.021         0.028         0.092


           Residuals for Covariances/Correlations/Residual Correlations
              IH51          IH08          IH10          IH11          IH13
              ________      ________      ________      ________      ________
 IH51           0.001
 IH08          -0.025         0.000
 IH10          -0.065         0.102        -0.001
 IH11           0.176        -0.083        -0.010        -0.004
 IH13          -0.377         0.237         0.161         0.030        -0.001
 IH15           0.118         0.059         0.188        -0.055         0.111
 IH32          -0.018         0.054         0.042         0.010         0.029
 IH18          -0.083         0.195        -0.131         0.001        -0.116
 IH24          -0.103        -0.040         0.283         0.016         0.217
 IH25           0.108         0.147         0.078         0.351        -0.050
 IH26           0.055         0.084        -0.141        -0.052         0.084
 IH29           0.085         0.157        -0.112         0.020         0.011
 IH31           0.060        -0.048         0.207         0.261        -0.347
 IH37          -0.160        -0.072         0.085         0.022        -0.108
 IH38           0.068         0.059        -0.264        -0.149        -0.138
 IH39          -0.009        -0.047         0.320         0.196         0.253
 IH40           0.324         0.047         0.192         0.109        -0.085
 IH43           0.097        -0.009         0.022         0.065        -0.160


           Residuals for Covariances/Correlations/Residual Correlations
              IH15          IH32          IH18          IH24          IH25
              ________      ________      ________      ________      ________
 IH15           0.000
 IH32          -0.009        -0.003
 IH18           0.063        -0.124        -0.004
 IH24           0.156         0.094         0.054        -0.001
 IH25           0.125         0.188        -0.067        -0.014         0.006
 IH26           0.084         0.046         0.099        -0.017         0.114
 IH29          -0.034        -0.168         0.034        -0.021         0.094
 IH31           0.213         0.179         0.014         0.111        -0.030
 IH37           0.129         0.151        -0.015         0.077         0.108
 IH38           0.079        -0.073         0.007         0.121        -0.074
 IH39           0.106        -0.007         0.049         0.163        -0.028
 IH40          -0.093         0.029         0.071        -0.032         0.087
 IH43           0.183         0.125         0.068         0.151         0.093


           Residuals for Covariances/Correlations/Residual Correlations
              IH26          IH29          IH31          IH37          IH38
              ________      ________      ________      ________      ________
 IH26           0.001
 IH29          -0.027         0.000
 IH31          -0.101        -0.075         0.002
 IH37          -0.172        -0.054         0.235         0.000
 IH38          -0.052        -0.016         0.230        -0.035         0.000
 IH39          -0.138        -0.005        -0.178         0.000        -0.016
 IH40           0.178         0.193         0.033        -0.214         0.027
 IH43          -0.132         0.015         0.206         0.033         0.012


           Residuals for Covariances/Correlations/Residual Correlations
              IH39          IH40          IH43
              ________      ________      ________
 IH39           0.000
 IH40           0.239         0.000
 IH43           0.176         0.035        -0.001


           Standardized Residuals (z-scores) for Covariances/Correlations/Residual Corr
              IH27          IH34          IH35          IH45          IH50
              ________      ________      ________      ________      ________
 IH27           0.000
 IH34           2.124         0.000
 IH35           3.208         3.024       999.000
 IH45           1.363         0.827         5.252       999.000
 IH50           0.390        -0.112         0.648         0.479         0.060
 IH51           4.298         1.851         0.686         0.585         1.183
 IH08          -1.244         0.602        -1.138         0.501         0.841
 IH10          -0.223         3.403         4.363         2.896        -0.436
 IH11           1.655         0.131         1.859         1.329         1.027
 IH13          -3.176         4.355         2.960         3.359        -2.313
 IH15           1.625         1.517         0.975        -1.138         0.882
 IH32           0.720         1.802         3.362        -0.632        -0.133
 IH18           2.559         2.623         0.397         1.304         0.375
 IH24           0.985         0.944         2.526         3.012         3.418
 IH25           4.881         3.283         2.106         4.565        -1.744
 IH26           4.503         1.806         1.135        -0.334        -1.485
 IH29           0.356        -0.036         0.148         1.699         0.253
 IH31           2.788         1.340         1.304         0.706         1.366
 IH37           1.284         3.223         5.005         2.595        -2.369
 IH38           2.563        -0.452        -0.022        -1.222         1.921
 IH39          -1.586         1.395         0.152         2.220         0.066
 IH40           2.480        -1.154        -3.171        -1.599         5.324
 IH43           2.340        -2.287        -0.741         0.609         1.338


           Standardized Residuals (z-scores) for Covariances/Correlations/Residual Corr
              IH51          IH08          IH10          IH11          IH13
              ________      ________      ________      ________      ________
 IH51         999.000
 IH08          -0.308         0.000
 IH10          -0.754         1.482       999.000
 IH11           2.828       999.000        -0.161       999.000
 IH13          -3.819         4.856         1.821         0.483       999.000
 IH15           1.490         0.891       999.000        -1.089         1.336
 IH32          -0.245         0.860         0.799         0.247         0.454
 IH18          -1.351         1.712        -1.165         0.009        -0.949
 IH24          -1.734        -0.471         3.158         0.220         2.326
 IH25           1.754         1.256         0.701         3.400        -0.407
 IH26           0.831         0.787        -1.319        -0.527         0.763
 IH29           1.215         1.624        -1.093         0.232         0.105
 IH31           0.826        -0.418         2.056         2.649        -2.947
 IH37          -2.309        -0.686         0.847         0.219        -0.947
 IH38           1.345         0.676        -2.866        -2.007        -1.348
 IH39          -0.139        -0.495         3.365         2.242         2.304
 IH40           3.986         0.396         1.666         1.041        -0.738
 IH43           1.810        -0.097         0.257         0.934        -1.724


           Standardized Residuals (z-scores) for Covariances/Correlations/Residual Corr
              IH15          IH32          IH18          IH24          IH25
              ________      ________      ________      ________      ________
 IH15         999.000
 IH32          -0.180       999.000
 IH18           0.626        -1.228       999.000
 IH24           1.828         1.089         0.892       999.000
 IH25           1.144         1.693        -0.772        -0.193         0.436
 IH26           0.880         0.448         1.422        -0.269         1.594
 IH29          -0.397        -1.999         0.540        -0.394         1.585
 IH31           2.100         1.748         0.194         1.493        -0.337
 IH37           1.359         1.619        -0.158         0.888         1.077
 IH38           1.209        -1.216         0.082         1.931        -1.007
 IH39           1.305        -0.082         0.562         2.114        -0.333
 IH40          -0.923         0.269         0.671        -0.390         0.793
 IH43           3.103         2.139         0.838         2.258         1.167


           Standardized Residuals (z-scores) for Covariances/Correlations/Residual Corr
              IH26          IH29          IH31          IH37          IH38
              ________      ________      ________      ________      ________
 IH26         999.000
 IH29          -0.459         0.000
 IH31          -1.183        -1.069         0.236
 IH37          -1.801        -0.673         2.552       999.000
 IH38          -0.709        -0.210         3.397        -0.891       999.000
 IH39          -1.768        -0.076        -2.332        -0.004        -0.497
 IH40           1.787         2.084         0.312        -6.107         0.791
 IH43          -1.809         0.176         2.638         1.102         0.448


           Standardized Residuals (z-scores) for Covariances/Correlations/Residual Corr
              IH39          IH40          IH43
              ________      ________      ________
 IH39         999.000
 IH40           7.351        -0.027
 IH43           3.450         0.624       999.000


           Normalized Residuals for Covariances/Correlations/Residual Correlations
              IH27          IH34          IH35          IH45          IH50
              ________      ________      ________      ________      ________
 IH27           0.000
 IH34           1.035         0.000
 IH35           1.626         1.349        -0.008
 IH45           0.658         0.390         0.942         0.005
 IH50           0.212        -0.040         0.254         0.179         0.002
 IH51           1.021         0.937         0.379         0.316         0.459
 IH08          -1.024         0.517        -0.868         0.395         0.666
 IH10          -0.195         3.096         3.761         2.551        -0.372
 IH11           1.306         0.107         1.419         1.006         0.781
 IH13          -2.848         3.990         2.550         3.035        -2.060
 IH15           1.360         1.225         0.758        -0.926         0.685
 IH32           0.575         1.426         2.412        -0.494        -0.096
 IH18           1.514         1.472         0.196         0.843         0.189
 IH24           0.630         0.561         1.573         2.181         1.929
 IH25           3.128         2.045         1.290         2.981        -1.071
 IH26           2.662         1.003         0.669        -0.209        -0.757
 IH29           0.215        -0.024         0.072         1.042         0.125
 IH31           1.694         0.832         0.759         0.463         0.815
 IH37           0.793         1.504         3.246         1.675        -1.307
 IH38           1.245        -0.193        -0.012        -0.597         1.077
 IH39          -0.926         0.829         0.094         1.537         0.040
 IH40           1.828        -0.823        -2.292        -1.165         3.889
 IH43           1.324        -1.141        -0.295         0.318         0.884


           Normalized Residuals for Covariances/Correlations/Residual Correlations
              IH51          IH08          IH10          IH11          IH13
              ________      ________      ________      ________      ________
 IH51           0.008
 IH08          -0.235         0.000
 IH10          -0.645         0.788        -0.010
 IH11           1.923        -0.634        -0.080        -0.029
 IH13          -3.362         1.731         1.269         0.230        -0.006
 IH15           1.165         0.433         1.645        -0.438         0.833
 IH32          -0.176         0.380         0.333         0.076         0.216
 IH18          -0.787         1.471        -1.054         0.007        -0.878
 IH24          -1.132        -0.408         2.907         0.181         2.169
 IH25           1.011         1.066         0.624         2.764        -0.375
 IH26           0.519         0.665        -1.186        -0.432         0.697
 IH29           0.766         1.316        -0.965         0.180         0.095
 IH31           0.510        -0.351         1.782         2.102        -2.681
 IH37          -1.452        -0.504         0.675         0.161        -0.790
 IH38           0.621         0.464        -2.265        -1.301        -1.087
 IH39          -0.086        -0.380         2.841         1.705         1.987
 IH40           2.945         0.329         1.477         0.843        -0.653
 IH43           0.914        -0.067         0.197         0.576        -1.353


           Normalized Residuals for Covariances/Correlations/Residual Correlations
              IH15          IH32          IH18          IH24          IH25
              ________      ________      ________      ________      ________
 IH15           0.003
 IH32          -0.066        -0.024
 IH18           0.526        -0.985        -0.028
 IH24           1.606         0.920         0.571        -0.008
 IH25           0.970         1.370        -0.522        -0.134         0.045
 IH26           0.732         0.362         0.822        -0.172         0.959
 IH29          -0.314        -1.470         0.303        -0.230         0.790
 IH31           1.723         1.357         0.116         1.052        -0.233
 IH37           0.971         1.077        -0.116         0.686         0.790
 IH38           0.715        -0.629         0.055         1.299        -0.631
 IH39           0.962        -0.058         0.415         1.606        -0.238
 IH40          -0.743         0.210         0.547        -0.313         0.653
 IH43           1.708         1.073         0.579         1.611         0.772


           Normalized Residuals for Covariances/Correlations/Residual Correlations
              IH26          IH29          IH31          IH37          IH38
              ________      ________      ________      ________      ________
 IH26           0.006
 IH29          -0.264         0.000
 IH31          -0.801        -0.660         0.011
 IH37          -1.364        -0.462         1.682         0.003
 IH38          -0.460        -0.136         1.833        -0.277         0.000
 IH39          -1.234        -0.050        -1.486        -0.002        -0.122
 IH40           1.434         1.658         0.246        -1.589         0.211
 IH43          -1.235         0.128         1.633         0.265         0.103


           Normalized Residuals for Covariances/Correlations/Residual Correlations
              IH39          IH40          IH43
              ________      ________      ________
 IH39          -0.003
 IH40           1.922         0.000
 IH43           1.490         0.270        -0.004


MODEL MODIFICATION INDICES

NOTE:  Modification indices for direct effects of observed dependent variables
regressed on covariates may not be included.  To include these, request
MODINDICES (ALL).

Minimum M.I. value for printing the modification index    20.000

                            M.I.     E.P.C.  Std E.P.C.  StdYX E.P.C.

BY Statements

HUMILITY BY IH40           22.060    -0.584     -0.584       -0.356
BOREDOM  BY IH27           21.230     0.679      0.679        0.511

WITH Statements

IH35     WITH IH34         24.976     0.183      0.183        0.320


TECHNICAL 4 OUTPUT


     ESTIMATES DERIVED FROM THE MODEL


           ESTIMATED MEANS FOR THE LATENT VARIABLES
              HUMILITY      VANITY        EMBARRAS      BOREDOM
              ________      ________      ________      ________
      1         0.000         0.000         0.000         0.000


           ESTIMATED COVARIANCE MATRIX FOR THE LATENT VARIABLES
              HUMILITY      VANITY        EMBARRAS      BOREDOM
              ________      ________      ________      ________
 HUMILITY       1.000
 VANITY        -0.261         1.000
 EMBARRAS      -0.683         0.461         1.000
 BOREDOM       -0.804         0.278         0.732         1.000


           ESTIMATED CORRELATION MATRIX FOR THE LATENT VARIABLES
              HUMILITY      VANITY        EMBARRAS      BOREDOM
              ________      ________      ________      ________
 HUMILITY       1.000
 VANITY        -0.261         1.000
 EMBARRAS      -0.683         0.461         1.000
 BOREDOM       -0.804         0.278         0.732         1.000


DIAGRAM INFORMATION

  Use View Diagram under the Diagram menu in the Mplus Editor to view the diagram.
  If running Mplus from the Mplus Diagrammer, the diagram opens automatically.

  Diagram output
    c:\users\kathryn\dropbox\documents\intellectual humility\4 factors final scales study2.dgm

     Beginning Time:  22:09:10
        Ending Time:  22:09:13
       Elapsed Time:  00:00:03



MUTHEN & MUTHEN
3463 Stoner Ave.
Los Angeles, CA  90066

Tel: (310) 391-9971
Fax: (310) 391-8971
Web: www.StatModel.com
Support: Support@StatModel.com

Copyright (c) 1998-2012 Muthen & Muthen
