Mplus VERSION 7
MUTHEN & MUTHEN
03/24/2016  11:27 PM

INPUT INSTRUCTIONS


  TITLE: IH CFA

  DATA: FILE IS "C:\Users\Kathryn\dropbox\Documents\Intellectual Humility\
  study3c.csv";

  VARIABLE: NAMES ARE IH01-IH58;
  USEVARIABLES ARE IH27 IH34 IH35 IH45 IH55 IH51
  IH08 IH10 IH11 IH15 IH32
  IH18 IH24 IH25 IH26 IH29 IH31
  IH37 IH38 IH39 IH40 IH43;

  MISSING ARE ALL (999);

  ANALYSIS:
  TYPE=general;
  ESTIMATOR=MLR;

  MODEL:
  humility BY IH27* IH34 IH35
  IH45 IH55 IH51;
  vanity BY IH08* IH10 IH11 IH15 IH32;
  embarrassed BY IH37* IH38 IH39 IH40 IH43;
  boredom BY IH18* IH24 IH25 IH26 IH29 IH31;
  humility-boredom@1;

  OUTPUT: STDYX tech4 modindices(20) RESIDUAL;

  PLOT: TYPE IS plot1;



*** WARNING
  Variable name contains more than 8 characters.
  Only the first 8 characters will be printed in the output.
  Variable: EMBARRASSED
*** WARNING in PLOT command
  Note that only the first 8 characters of variable names are used in plots.
  If variable names are not unique within the first 8 characters, problems
  may occur.
*** WARNING
  Data set contains cases with missing on all variables.
  These cases were not included in the analysis.
  Number of cases with missing on all variables:  3
   3 WARNING(S) FOUND IN THE INPUT INSTRUCTIONS



IH CFA

SUMMARY OF ANALYSIS

Number of groups                                                 1
Number of observations                                        1182

Number of dependent variables                                   22
Number of independent variables                                  0
Number of continuous latent variables                            4

Observed dependent variables

  Continuous
   IH27        IH34        IH35        IH45        IH55        IH51
   IH08        IH10        IH11        IH15        IH32        IH18
   IH24        IH25        IH26        IH29        IH31        IH37
   IH38        IH39        IH40        IH43

Continuous latent variables
   HUMILITY    VANITY      EMBARRAS    BOREDOM


Estimator                                                      MLR
Information matrix                                        OBSERVED
Maximum number of iterations                                  1000
Convergence criterion                                    0.500D-04
Maximum number of steepest descent iterations                   20
Maximum number of iterations for H1                           2000
Convergence criterion for H1                             0.100D-03

Input data file(s)
  C:\Users\Kathryn\dropbox\Documents\Intellectual Humility\study3c.csv

Input data format  FREE


SUMMARY OF DATA

     Number of missing data patterns            37


COVARIANCE COVERAGE OF DATA

Minimum covariance coverage value   0.100


     PROPORTION OF DATA PRESENT


           Covariance Coverage
              IH27          IH34          IH35          IH45          IH55
              ________      ________      ________      ________      ________
 IH27           0.997
 IH34           0.994         0.997
 IH35           0.993         0.994         0.997
 IH45           0.993         0.994         0.994         0.997
 IH55           0.990         0.992         0.991         0.992         0.993
 IH51           0.993         0.994         0.994         0.994         0.991
 IH08           0.992         0.994         0.993         0.994         0.992
 IH10           0.992         0.993         0.993         0.993         0.990
 IH11           0.992         0.992         0.992         0.992         0.990
 IH15           0.991         0.992         0.991         0.992         0.989
 IH32           0.993         0.994         0.993         0.993         0.990
 IH18           0.992         0.993         0.992         0.992         0.990
 IH24           0.990         0.991         0.990         0.991         0.987
 IH25           0.992         0.992         0.992         0.992         0.988
 IH26           0.993         0.994         0.994         0.994         0.991
 IH29           0.996         0.997         0.996         0.996         0.992
 IH31           0.992         0.992         0.992         0.992         0.989
 IH37           0.995         0.997         0.995         0.995         0.992
 IH38           0.992         0.993         0.992         0.992         0.990
 IH39           0.995         0.997         0.995         0.995         0.992
 IH40           0.992         0.992         0.992         0.992         0.989
 IH43           0.994         0.995         0.995         0.995         0.992


           Covariance Coverage
              IH51          IH08          IH10          IH11          IH15
              ________      ________      ________      ________      ________
 IH51           0.997
 IH08           0.993         0.996
 IH10           0.993         0.992         0.996
 IH11           0.992         0.992         0.992         0.995
 IH15           0.991         0.991         0.990         0.991         0.994
 IH32           0.993         0.992         0.992         0.992         0.991
 IH18           0.992         0.993         0.992         0.991         0.990
 IH24           0.991         0.990         0.989         0.988         0.986
 IH25           0.992         0.991         0.991         0.990         0.990
 IH26           0.994         0.993         0.994         0.992         0.991
 IH29           0.996         0.995         0.995         0.994         0.993
 IH31           0.992         0.991         0.991         0.991         0.990
 IH37           0.995         0.994         0.994         0.993         0.992
 IH38           0.992         0.992         0.992         0.991         0.990
 IH39           0.995         0.995         0.995         0.993         0.993
 IH40           0.992         0.992         0.992         0.992         0.990
 IH43           0.995         0.994         0.994         0.993         0.992


           Covariance Coverage
              IH32          IH18          IH24          IH25          IH26
              ________      ________      ________      ________      ________
 IH32           0.997
 IH18           0.992         0.995
 IH24           0.989         0.988         0.992
 IH25           0.992         0.990         0.988         0.995
 IH26           0.993         0.992         0.990         0.992         0.997
 IH29           0.996         0.994         0.992         0.994         0.996
 IH31           0.992         0.990         0.987         0.990         0.992
 IH37           0.995         0.993         0.992         0.993         0.995
 IH38           0.992         0.991         0.988         0.991         0.993
 IH39           0.995         0.994         0.991         0.993         0.996
 IH40           0.992         0.991         0.988         0.990         0.993
 IH43           0.994         0.993         0.991         0.992         0.995


           Covariance Coverage
              IH29          IH31          IH37          IH38          IH39
              ________      ________      ________      ________      ________
 IH29           0.999
 IH31           0.994         0.995
 IH37           0.997         0.993         0.998
 IH38           0.995         0.991         0.994         0.996
 IH39           0.997         0.993         0.997         0.995         0.998
 IH40           0.994         0.990         0.993         0.992         0.994
 IH43           0.997         0.992         0.996         0.993         0.996


           Covariance Coverage
              IH40          IH43
              ________      ________
 IH40           0.995
 IH43           0.993         0.997



THE MODEL ESTIMATION TERMINATED NORMALLY



MODEL FIT INFORMATION

Number of Free Parameters                       72

Loglikelihood

          H0 Value                      -42615.514
          H0 Scaling Correction Factor      1.3585
            for MLR
          H1 Value                      -41837.807
          H1 Scaling Correction Factor      1.3430
            for MLR

Information Criteria

          Akaike (AIC)                   85375.027
          Bayesian (BIC)                 85740.424
          Sample-Size Adjusted BIC       85511.726
            (n* = (n + 2) / 24)

Chi-Square Test of Model Fit

          Value                           1162.860*
          Degrees of Freedom                   203
          P-Value                           0.0000
          Scaling Correction Factor         1.3376
            for MLR

*   The chi-square value for MLM, MLMV, MLR, ULSMV, WLSM and WLSMV cannot be used
    for chi-square difference testing in the regular way.  MLM, MLR and WLSM
    chi-square difference testing is described on the Mplus website.  MLMV, WLSMV,
    and ULSMV difference testing is done using the DIFFTEST option.

RMSEA (Root Mean Square Error Of Approximation)

          Estimate                           0.063
          90 Percent C.I.                    0.060  0.067
          Probability RMSEA <= .05           0.000

CFI/TLI

          CFI                                0.847
          TLI                                0.826

Chi-Square Test of Model Fit for the Baseline Model

          Value                           6523.865
          Degrees of Freedom                   231
          P-Value                           0.0000

SRMR (Standardized Root Mean Square Residual)

          Value                              0.062



MODEL RESULTS

                                                    Two-Tailed
                    Estimate       S.E.  Est./S.E.    P-Value

 HUMILITY BY
    IH27              -0.978      0.046    -21.447      0.000
    IH34               0.725      0.042     17.371      0.000
    IH35               0.699      0.043     16.217      0.000
    IH45               0.717      0.046     15.708      0.000
    IH55              -0.782      0.041    -18.959      0.000
    IH51              -0.951      0.047    -20.269      0.000

 VANITY   BY
    IH08              -0.967      0.052    -18.435      0.000
    IH10               0.878      0.051     17.176      0.000
    IH11               1.059      0.047     22.395      0.000
    IH15               1.089      0.046     23.489      0.000
    IH32               1.284      0.043     29.669      0.000

 EMBARRAS BY
    IH37               1.211      0.044     27.444      0.000
    IH38               1.150      0.038     30.598      0.000
    IH39              -0.831      0.049    -16.842      0.000
    IH40              -0.758      0.060    -12.607      0.000
    IH43               0.993      0.043     23.082      0.000

 BOREDOM  BY
    IH18               0.869      0.042     20.816      0.000
    IH24              -0.627      0.045    -14.007      0.000
    IH25               0.893      0.049     18.399      0.000
    IH26               0.781      0.048     16.413      0.000
    IH29               1.005      0.041     24.428      0.000
    IH31               0.838      0.055     15.155      0.000

 VANITY   WITH
    HUMILITY          -0.261      0.036     -7.236      0.000

 EMBARRAS WITH
    HUMILITY          -0.729      0.026    -27.760      0.000
    VANITY             0.439      0.034     13.075      0.000

 BOREDOM  WITH
    HUMILITY          -0.837      0.025    -33.650      0.000
    VANITY             0.185      0.042      4.448      0.000
    EMBARRASSE         0.700      0.029     24.121      0.000

 Intercepts
    IH27               2.440      0.040     60.346      0.000
    IH34               6.019      0.034    179.276      0.000
    IH35               5.873      0.034    174.325      0.000
    IH45               5.832      0.033    174.086      0.000
    IH55               1.852      0.034     54.848      0.000
    IH51               2.337      0.040     58.581      0.000
    IH08               4.304      0.048     90.578      0.000
    IH10               4.352      0.046     94.742      0.000
    IH11               4.135      0.046     89.017      0.000
    IH15               3.906      0.047     83.174      0.000
    IH32               3.948      0.049     81.302      0.000
    IH18               3.105      0.043     71.915      0.000
    IH24               5.551      0.040    140.194      0.000
    IH25               3.348      0.048     69.604      0.000
    IH26               3.172      0.044     72.600      0.000
    IH29               2.732      0.043     63.529      0.000
    IH31               2.874      0.048     60.009      0.000
    IH37               3.457      0.048     71.506      0.000
    IH38               2.716      0.042     64.746      0.000
    IH39               5.012      0.041    121.974      0.000
    IH40               4.442      0.048     92.537      0.000
    IH43               2.617      0.042     62.527      0.000

 Variances
    HUMILITY           1.000      0.000    999.000    999.000
    VANITY             1.000      0.000    999.000    999.000
    EMBARRASSE         1.000      0.000    999.000    999.000
    BOREDOM            1.000      0.000    999.000    999.000

 Residual Variances
    IH27               0.975      0.082     11.903      0.000
    IH34               0.803      0.085      9.423      0.000
    IH35               0.850      0.083     10.184      0.000
    IH45               0.807      0.072     11.229      0.000
    IH55               0.727      0.056     13.008      0.000
    IH51               0.971      0.079     12.344      0.000
    IH08               1.725      0.099     17.450      0.000
    IH10               1.714      0.092     18.585      0.000
    IH11               1.422      0.090     15.869      0.000
    IH15               1.411      0.080     17.589      0.000
    IH32               1.134      0.083     13.670      0.000
    IH18               1.441      0.083     17.331      0.000
    IH24               1.449      0.090     16.093      0.000
    IH25               1.928      0.096     20.021      0.000
    IH26               1.640      0.090     18.245      0.000
    IH29               1.173      0.078     15.123      0.000
    IH31               1.996      0.100     20.051      0.000
    IH37               1.293      0.092     14.117      0.000
    IH38               0.755      0.056     13.572      0.000
    IH39               1.304      0.082     15.983      0.000
    IH40               2.139      0.104     20.662      0.000
    IH43               1.084      0.071     15.233      0.000


STANDARDIZED MODEL RESULTS


STDYX Standardization

                                                    Two-Tailed
                    Estimate       S.E.  Est./S.E.    P-Value

 HUMILITY BY
    IH27              -0.704      0.026    -27.226      0.000
    IH34               0.629      0.034     18.575      0.000
    IH35               0.604      0.036     16.660      0.000
    IH45               0.624      0.035     17.843      0.000
    IH55              -0.676      0.021    -31.558      0.000
    IH51              -0.694      0.026    -26.455      0.000

 VANITY   BY
    IH08              -0.593      0.029    -20.181      0.000
    IH10               0.557      0.029     19.060      0.000
    IH11               0.664      0.026     25.910      0.000
    IH15               0.676      0.023     28.770      0.000
    IH32               0.770      0.020     38.831      0.000

 EMBARRAS BY
    IH37               0.729      0.022     32.666      0.000
    IH38               0.798      0.017     47.711      0.000
    IH39              -0.588      0.030    -19.450      0.000
    IH40              -0.460      0.035    -13.066      0.000
    IH43               0.690      0.023     30.088      0.000

 BOREDOM  BY
    IH18               0.586      0.026     22.559      0.000
    IH24              -0.462      0.031    -14.892      0.000
    IH25               0.541      0.027     19.784      0.000
    IH26               0.521      0.030     17.549      0.000
    IH29               0.680      0.023     29.706      0.000
    IH31               0.510      0.031     16.486      0.000

 VANITY   WITH
    HUMILITY          -0.261      0.036     -7.236      0.000

 EMBARRAS WITH
    HUMILITY          -0.729      0.026    -27.760      0.000
    VANITY             0.439      0.034     13.075      0.000

 BOREDOM  WITH
    HUMILITY          -0.837      0.025    -33.650      0.000
    VANITY             0.185      0.042      4.448      0.000
    EMBARRASSE         0.700      0.029     24.121      0.000

 Intercepts
    IH27               1.756      0.033     53.470      0.000
    IH34               5.221      0.197     26.539      0.000
    IH35               5.076      0.169     30.108      0.000
    IH45               5.074      0.163     31.183      0.000
    IH55               1.601      0.038     41.722      0.000
    IH51               1.707      0.032     54.097      0.000
    IH08               2.638      0.053     49.351      0.000
    IH10               2.761      0.065     42.599      0.000
    IH11               2.593      0.055     47.093      0.000
    IH15               2.424      0.050     48.517      0.000
    IH32               2.367      0.048     49.067      0.000
    IH18               2.095      0.036     58.212      0.000
    IH24               4.089      0.123     33.319      0.000
    IH25               2.028      0.035     58.728      0.000
    IH26               2.115      0.039     54.362      0.000
    IH29               1.849      0.031     60.172      0.000
    IH31               1.750      0.028     63.204      0.000
    IH37               2.081      0.037     56.372      0.000
    IH38               1.884      0.032     58.792      0.000
    IH39               3.550      0.094     37.893      0.000
    IH40               2.697      0.055     49.388      0.000
    IH43               1.819      0.031     57.858      0.000

 Variances
    HUMILITY           1.000      0.000    999.000    999.000
    VANITY             1.000      0.000    999.000    999.000
    EMBARRASSE         1.000      0.000    999.000    999.000
    BOREDOM            1.000      0.000    999.000    999.000

 Residual Variances
    IH27               0.505      0.036     13.884      0.000
    IH34               0.605      0.043     14.197      0.000
    IH35               0.635      0.044     14.471      0.000
    IH45               0.611      0.044     13.999      0.000
    IH55               0.543      0.029     18.766      0.000
    IH51               0.518      0.036     14.220      0.000
    IH08               0.648      0.035     18.596      0.000
    IH10               0.690      0.033     21.175      0.000
    IH11               0.559      0.034     16.440      0.000
    IH15               0.543      0.032     17.107      0.000
    IH32               0.408      0.031     13.353      0.000
    IH18               0.656      0.030     21.532      0.000
    IH24               0.786      0.029     27.424      0.000
    IH25               0.708      0.030     23.936      0.000
    IH26               0.729      0.031     23.594      0.000
    IH29               0.537      0.031     17.234      0.000
    IH31               0.740      0.032     23.436      0.000
    IH37               0.469      0.033     14.400      0.000
    IH38               0.364      0.027     13.627      0.000
    IH39               0.654      0.036     18.372      0.000
    IH40               0.788      0.032     24.321      0.000
    IH43               0.523      0.032     16.517      0.000


R-SQUARE

    Observed                                        Two-Tailed
    Variable        Estimate       S.E.  Est./S.E.    P-Value

    IH27               0.495      0.036     13.613      0.000
    IH34               0.395      0.043      9.288      0.000
    IH35               0.365      0.044      8.330      0.000
    IH45               0.389      0.044      8.921      0.000
    IH55               0.457      0.029     15.779      0.000
    IH51               0.482      0.036     13.227      0.000
    IH08               0.352      0.035     10.090      0.000
    IH10               0.310      0.033      9.530      0.000
    IH11               0.441      0.034     12.955      0.000
    IH15               0.457      0.032     14.385      0.000
    IH32               0.592      0.031     19.416      0.000
    IH18               0.344      0.030     11.279      0.000
    IH24               0.214      0.029      7.446      0.000
    IH25               0.292      0.030      9.892      0.000
    IH26               0.271      0.031      8.774      0.000
    IH29               0.463      0.031     14.853      0.000
    IH31               0.260      0.032      8.243      0.000
    IH37               0.531      0.033     16.333      0.000
    IH38               0.636      0.027     23.856      0.000
    IH39               0.346      0.036      9.725      0.000
    IH40               0.212      0.032      6.533      0.000
    IH43               0.477      0.032     15.044      0.000


QUALITY OF NUMERICAL RESULTS

     Condition Number for the Information Matrix              0.916E-02
       (ratio of smallest to largest eigenvalue)


RESIDUAL OUTPUT


     ESTIMATED MODEL AND RESIDUALS (OBSERVED - ESTIMATED)


           Model Estimated Means/Intercepts/Thresholds
              IH27          IH34          IH35          IH45          IH55
              ________      ________      ________      ________      ________
      1         2.440         6.019         5.873         5.832         1.852


           Model Estimated Means/Intercepts/Thresholds
              IH51          IH08          IH10          IH11          IH15
              ________      ________      ________      ________      ________
      1         2.337         4.304         4.352         4.135         3.906


           Model Estimated Means/Intercepts/Thresholds
              IH32          IH18          IH24          IH25          IH26
              ________      ________      ________      ________      ________
      1         3.948         3.105         5.551         3.348         3.172


           Model Estimated Means/Intercepts/Thresholds
              IH29          IH31          IH37          IH38          IH39
              ________      ________      ________      ________      ________
      1         2.732         2.874         3.457         2.716         5.012


           Model Estimated Means/Intercepts/Thresholds
              IH40          IH43
              ________      ________
      1         4.442         2.617


           Residuals for Means/Intercepts/Thresholds
              IH27          IH34          IH35          IH45          IH55
              ________      ________      ________      ________      ________
      1         0.000         0.002         0.000        -0.002        -0.001


           Residuals for Means/Intercepts/Thresholds
              IH51          IH08          IH10          IH11          IH15
              ________      ________      ________      ________      ________
      1         0.000        -0.001         0.000         0.001         0.001


           Residuals for Means/Intercepts/Thresholds
              IH32          IH18          IH24          IH25          IH26
              ________      ________      ________      ________      ________
      1         0.000        -0.002         0.000         0.000         0.001


           Residuals for Means/Intercepts/Thresholds
              IH29          IH31          IH37          IH38          IH39
              ________      ________      ________      ________      ________
      1         0.000         0.001         0.001         0.000         0.000


           Residuals for Means/Intercepts/Thresholds
              IH40          IH43
              ________      ________
      1         0.002         0.000


           Standardized Residuals (z-scores) for Means/Intercepts/Thresholds
              IH27          IH34          IH35          IH45          IH55
              ________      ________      ________      ________      ________
      1       999.000       999.000        -0.116        -0.753       999.000


           Standardized Residuals (z-scores) for Means/Intercepts/Thresholds
              IH51          IH08          IH10          IH11          IH15
              ________      ________      ________      ________      ________
      1       999.000       999.000         0.106       999.000       999.000


           Standardized Residuals (z-scores) for Means/Intercepts/Thresholds
              IH32          IH18          IH24          IH25          IH26
              ________      ________      ________      ________      ________
      1       999.000       999.000        -0.238       999.000         0.555


           Standardized Residuals (z-scores) for Means/Intercepts/Thresholds
              IH29          IH31          IH37          IH38          IH39
              ________      ________      ________      ________      ________
      1         0.000       999.000         0.696       999.000        -0.121


           Standardized Residuals (z-scores) for Means/Intercepts/Thresholds
              IH40          IH43
              ________      ________
      1       999.000        -0.574


           Normalized Residuals for Means/Intercepts/Thresholds
              IH27          IH34          IH35          IH45          IH55
              ________      ________      ________      ________      ________
      1        -0.012         0.055        -0.002        -0.058        -0.032


           Normalized Residuals for Means/Intercepts/Thresholds
              IH51          IH08          IH10          IH11          IH15
              ________      ________      ________      ________      ________
      1         0.002        -0.029         0.003         0.013         0.020


           Normalized Residuals for Means/Intercepts/Thresholds
              IH32          IH18          IH24          IH25          IH26
              ________      ________      ________      ________      ________
      1        -0.009        -0.036        -0.009         0.010         0.012


           Normalized Residuals for Means/Intercepts/Thresholds
              IH29          IH31          IH37          IH38          IH39
              ________      ________      ________      ________      ________
      1         0.000         0.015         0.012        -0.010        -0.002


           Normalized Residuals for Means/Intercepts/Thresholds
              IH40          IH43
              ________      ________
      1         0.033        -0.004


           Model Estimated Covariances/Correlations/Residual Correlations
              IH27          IH34          IH35          IH45          IH55
              ________      ________      ________      ________      ________
 IH27           1.932
 IH34          -0.709         1.329
 IH35          -0.684         0.507         1.339
 IH45          -0.701         0.520         0.501         1.321
 IH55           0.764        -0.567        -0.547        -0.560         1.338
 IH51           0.930        -0.689        -0.665        -0.682         0.743
 IH08          -0.247         0.183         0.177         0.181        -0.198
 IH10           0.225        -0.166        -0.161        -0.165         0.179
 IH11           0.271        -0.201        -0.194        -0.198         0.216
 IH15           0.279        -0.206        -0.199        -0.204         0.223
 IH32           0.328        -0.243        -0.235        -0.241         0.262
 IH18           0.711        -0.527        -0.509        -0.521         0.568
 IH24          -0.513         0.380         0.367         0.376        -0.410
 IH25           0.731        -0.541        -0.522        -0.536         0.584
 IH26           0.639        -0.474        -0.457        -0.469         0.511
 IH29           0.823        -0.610        -0.588        -0.603         0.658
 IH31           0.686        -0.508        -0.490        -0.503         0.548
 IH37           0.864        -0.640        -0.618        -0.634         0.691
 IH38           0.820        -0.608        -0.587        -0.601         0.656
 IH39          -0.593         0.439         0.424         0.435        -0.474
 IH40          -0.541         0.401         0.387         0.396        -0.432
 IH43           0.709        -0.525        -0.507        -0.520         0.566


           Model Estimated Covariances/Correlations/Residual Correlations
              IH51          IH08          IH10          IH11          IH15
              ________      ________      ________      ________      ________
 IH51           1.875
 IH08          -0.240         2.661
 IH10           0.218        -0.850         2.485
 IH11           0.263        -1.024         0.930         2.542
 IH15           0.271        -1.054         0.957         1.153         2.597
 IH32           0.319        -1.242         1.128         1.359         1.399
 IH18           0.691        -0.156         0.141         0.170         0.175
 IH24          -0.499         0.112        -0.102        -0.123        -0.126
 IH25           0.710        -0.160         0.145         0.175         0.180
 IH26           0.621        -0.140         0.127         0.153         0.157
 IH29           0.800        -0.180         0.163         0.197         0.203
 IH31           0.667        -0.150         0.136         0.164         0.169
 IH37           0.840        -0.515         0.467         0.563         0.580
 IH38           0.797        -0.489         0.444         0.535         0.550
 IH39          -0.576         0.353        -0.320        -0.386        -0.397
 IH40          -0.526         0.322        -0.292        -0.352        -0.363
 IH43           0.689        -0.422         0.383         0.462         0.475


           Model Estimated Covariances/Correlations/Residual Correlations
              IH32          IH18          IH24          IH25          IH26
              ________      ________      ________      ________      ________
 IH32           2.783
 IH18           0.206         2.196
 IH24          -0.149        -0.545         1.842
 IH25           0.212         0.776        -0.560         2.725
 IH26           0.185         0.679        -0.490         0.697         2.250
 IH29           0.239         0.874        -0.631         0.897         0.785
 IH31           0.199         0.728        -0.526         0.748         0.654
 IH37           0.683         0.737        -0.532         0.757         0.662
 IH38           0.649         0.700        -0.505         0.719         0.629
 IH39          -0.469        -0.505         0.365        -0.519        -0.454
 IH40          -0.427        -0.461         0.333        -0.474        -0.414
 IH43           0.560         0.604        -0.436         0.621         0.543


           Model Estimated Covariances/Correlations/Residual Correlations
              IH29          IH31          IH37          IH38          IH39
              ________      ________      ________      ________      ________
 IH29           2.183
 IH31           0.842         2.698
 IH37           0.853         0.711         2.761
 IH38           0.809         0.675         1.393         2.078
 IH39          -0.585        -0.487        -1.006        -0.955         1.994
 IH40          -0.533        -0.445        -0.918        -0.872         0.630
 IH43           0.699         0.583         1.203         1.142        -0.825


           Model Estimated Covariances/Correlations/Residual Correlations
              IH40          IH43
              ________      ________
 IH40           2.713
 IH43          -0.753         2.071


           Residuals for Covariances/Correlations/Residual Correlations
              IH27          IH34          IH35          IH45          IH55
              ________      ________      ________      ________      ________
 IH27           0.000
 IH34           0.088        -0.001
 IH35           0.105         0.187         0.002
 IH45           0.113         0.232         0.238         0.006
 IH55           0.008         0.031         0.002         0.046         0.001
 IH51           0.121         0.143         0.130         0.129         0.071
 IH08           0.061        -0.027         0.027        -0.008         0.073
 IH10          -0.094         0.117         0.271         0.111         0.033
 IH11           0.099         0.136         0.201         0.163         0.054
 IH15           0.141        -0.049         0.055         0.029         0.173
 IH32           0.091         0.079         0.163         0.153         0.201
 IH18           0.064         0.060         0.135         0.028         0.019
 IH24          -0.119         0.138         0.214         0.224         0.029
 IH25           0.213         0.247         0.269         0.232        -0.096
 IH26           0.134         0.149         0.122         0.161        -0.050
 IH29           0.053         0.129         0.026         0.078        -0.057
 IH31           0.168        -0.017         0.088         0.090         0.161
 IH37          -0.095         0.167         0.201         0.160        -0.069
 IH38           0.038         0.002         0.070         0.013         0.101
 IH39           0.093         0.125         0.142         0.234         0.136
 IH40           0.299         0.014        -0.063        -0.045         0.287
 IH43           0.128        -0.167        -0.081        -0.002         0.152


           Residuals for Covariances/Correlations/Residual Correlations
              IH51          IH08          IH10          IH11          IH15
              ________      ________      ________      ________      ________
 IH51           0.000
 IH08           0.053        -0.001
 IH10          -0.003         0.105         0.000
 IH11           0.054         0.046         0.066         0.001
 IH15           0.181         0.009         0.044         0.006         0.000
 IH32           0.180        -0.059         0.010        -0.026        -0.024
 IH18           0.009         0.149         0.082         0.051         0.064
 IH24          -0.074        -0.060         0.238         0.216         0.163
 IH25           0.188         0.143        -0.078         0.148         0.096
 IH26           0.012         0.256        -0.236         0.001         0.021
 IH29           0.100         0.244        -0.194         0.026         0.050
 IH31           0.220        -0.090         0.224         0.273         0.438
 IH37           0.041        -0.039        -0.011         0.219         0.184
 IH38           0.089         0.083        -0.117         0.007        -0.059
 IH39           0.128         0.156         0.197         0.116         0.113
 IH40           0.362         0.252         0.278         0.119         0.125
 IH43           0.177         0.119        -0.020         0.146         0.137


           Residuals for Covariances/Correlations/Residual Correlations
              IH32          IH18          IH24          IH25          IH26
              ________      ________      ________      ________      ________
 IH32           0.000
 IH18          -0.002        -0.001
 IH24           0.112         0.111         0.003
 IH25           0.066        -0.012        -0.053        -0.001
 IH26          -0.046         0.039         0.025         0.100        -0.001
 IH29          -0.045         0.021         0.018         0.105         0.091
 IH31           0.388        -0.012         0.282         0.028        -0.085
 IH37           0.170         0.084         0.185        -0.074        -0.091
 IH38          -0.088         0.104         0.072        -0.018         0.028
 IH39           0.176         0.031         0.148         0.121         0.003
 IH40           0.090         0.172        -0.081         0.261         0.301
 IH43           0.113         0.144         0.051        -0.087        -0.028


           Residuals for Covariances/Correlations/Residual Correlations
              IH29          IH31          IH37          IH38          IH39
              ________      ________      ________      ________      ________
 IH29           0.000
 IH31          -0.082         0.002
 IH37          -0.002         0.168         0.001
 IH38          -0.065         0.309         0.002         0.000
 IH39           0.135        -0.042         0.008        -0.043         0.000
 IH40           0.314         0.030        -0.243         0.045         0.388
 IH43           0.076         0.306        -0.039        -0.035         0.144


           Residuals for Covariances/Correlations/Residual Correlations
              IH40          IH43
              ________      ________
 IH40          -0.001
 IH43           0.048         0.000


           Standardized Residuals (z-scores) for Covariances/Correlations/Residual Corr
              IH27          IH34          IH35          IH45          IH55
              ________      ________      ________      ________      ________
 IH27         999.000
 IH34           2.373        -0.319
 IH35           3.443       999.000         0.507
 IH45           3.412       999.000       999.000         0.615
 IH55           0.382         1.800         0.086         2.083         0.309
 IH51         999.000         4.040         4.352         3.933         2.421
 IH08           1.020        -0.510         0.531        -0.163         1.571
 IH10          -1.646         2.396         4.943         2.079         0.779
 IH11           1.802         2.719         4.130         3.224         1.351
 IH15           2.868        -0.959         1.178         0.608         4.281
 IH32           1.753         1.668         3.424         2.964         5.064
 IH18           2.320         1.565         4.032         0.746         0.517
 IH24          -2.760         3.130         5.928         5.894         1.036
 IH25           7.035         5.605         5.850         5.313        -3.172
 IH26           3.138         3.779         3.256         4.250        -1.482
 IH29           1.789         3.771         0.822         2.297        -1.987
 IH31           4.841        -0.370         2.284         2.115         4.324
 IH37          -2.665         3.993         5.295         4.047        -2.147
 IH38           1.507         0.048         2.628         0.455         2.658
 IH39           1.905         2.822         3.466         5.861         4.008
 IH40           5.073         0.311        -1.419        -1.091         6.625
 IH43           3.660        -4.115        -2.168        -0.059         3.810


           Standardized Residuals (z-scores) for Covariances/Correlations/Residual Corr
              IH51          IH08          IH10          IH11          IH15
              ________      ________      ________      ________      ________
 IH51         999.000
 IH08           0.908       999.000
 IH10          -0.064         2.102       999.000
 IH11           0.971         1.042         1.797         0.221
 IH15           3.723         0.218         1.137         0.182         0.273
 IH32           3.908        -3.078         0.333        -0.929        -0.742
 IH18           0.281         2.061         1.200         0.793         0.946
 IH24          -1.702        -0.897         3.734         3.497         2.472
 IH25           5.606         1.808        -1.025         2.015         1.312
 IH26           0.300         3.500        -3.237         0.013         0.312
 IH29           3.611         3.869        -3.002         0.461         0.837
 IH31           7.233        -1.138         3.056         3.875         6.250
 IH37           1.111        -0.583        -0.159         3.679         3.080
 IH38           2.748         1.486        -2.117         0.162        -1.247
 IH39           2.636         2.567         3.073         2.023         1.887
 IH40           6.036         3.367         3.563         1.615         1.656
 IH43           5.275         1.972        -0.350         2.864         2.620


           Standardized Residuals (z-scores) for Covariances/Correlations/Residual Corr
              IH32          IH18          IH24          IH25          IH26
              ________      ________      ________      ________      ________
 IH32         999.000
 IH18          -0.037       999.000
 IH24           1.749         2.775         0.676
 IH25           0.931        -0.241        -1.030       999.000
 IH26          -0.671         0.837         0.530         1.942       999.000
 IH29          -0.827         0.527         0.481         2.939         3.060
 IH31           5.396        -0.252         5.039         0.524        -1.548
 IH37           3.167         1.588         3.562        -1.116        -1.473
 IH38          -1.903         2.463         1.653        -0.377         0.578
 IH39           2.966         0.589         2.779         1.933         0.060
 IH40           1.208         2.478        -1.374         3.382         4.298
 IH43           2.309         3.258         1.106        -1.558        -0.532


           Standardized Residuals (z-scores) for Covariances/Correlations/Residual Corr
              IH29          IH31          IH37          IH38          IH39
              ________      ________      ________      ________      ________
 IH29         999.000
 IH31          -1.777       999.000
 IH37          -0.041         3.449         0.201
 IH38          -1.494         7.632         0.267         0.509
 IH39           2.768        -0.688         0.350        -2.315         0.165
 IH40           5.101         0.422       999.000         1.985       999.000
 IH43           1.637         6.143        -1.260        -1.362         3.421


           Standardized Residuals (z-scores) for Covariances/Correlations/Residual Corr
              IH40          IH43
              ________      ________
 IH40         999.000
 IH43           1.193         0.144


           Normalized Residuals for Covariances/Correlations/Residual Correlations
              IH27          IH34          IH35          IH45          IH55
              ________      ________      ________      ________      ________
 IH27          -0.001
 IH34           1.502        -0.006
 IH35           1.951         3.770         0.028
 IH45           2.011         4.149         4.282         0.082
 IH55           0.125         0.698         0.043         0.968         0.009
 IH51           1.533         2.662         2.563         2.369         0.996
 IH08           0.845        -0.455         0.474        -0.144         1.282
 IH10          -1.369         2.148         4.554         1.890         0.630
 IH11           1.391         2.368         3.614         2.809         0.998
 IH15           2.051        -0.823         1.003         0.513         3.087
 IH32           1.212         1.352         2.837         2.472         3.382
 IH18           0.950         1.156         2.798         0.523         0.304
 IH24          -1.837         2.358         4.068         4.027         0.633
 IH25           2.849         4.327         4.691         4.005        -1.618
 IH26           1.786         2.867         2.405         3.095        -0.852
 IH29           0.737         2.542         0.522         1.500        -0.966
 IH31           2.055        -0.265         1.573         1.464         2.279
 IH37          -1.295         2.867         3.623         2.690        -1.109
 IH38           0.532         0.031         1.448         0.246         1.481
 IH39           1.420         2.084         2.482         3.914         2.756
 IH40           4.174         0.234        -1.057        -0.755         5.204
 IH43           1.722        -2.858        -1.482        -0.038         2.214


           Normalized Residuals for Covariances/Correlations/Residual Correlations
              IH51          IH08          IH10          IH11          IH15
              ________      ________      ________      ________      ________
 IH51           0.002
 IH08           0.746        -0.015
 IH10          -0.052         1.224        -0.003
 IH11           0.751         0.521         0.778         0.007
 IH15           2.646         0.106         0.529         0.069         0.005
 IH32           2.528        -0.661         0.121        -0.294        -0.270
 IH18           0.124         1.848         1.071         0.667         0.799
 IH24          -1.145        -0.844         3.511         3.189         2.267
 IH25           2.454         1.639        -0.929         1.740         1.123
 IH26           0.166         3.211        -2.988         0.011         0.272
 IH29           1.357         3.266        -2.576         0.354         0.652
 IH31           2.711        -1.025         2.740         3.286         5.250
 IH37           0.538        -0.448        -0.126         2.537         2.129
 IH38           1.175         1.111        -1.620         0.100        -0.810
 IH39           1.976         2.132         2.687         1.633         1.544
 IH40           4.998         2.942         3.243         1.397         1.439
 IH43           2.347         1.589        -0.278         2.012         1.858


           Normalized Residuals for Covariances/Correlations/Residual Correlations
              IH32          IH18          IH24          IH25          IH26
              ________      ________      ________      ________      ________
 IH32          -0.005
 IH18          -0.029        -0.012
 IH24           1.554         1.908         0.036
 IH25           0.757        -0.152        -0.739        -0.011
 IH26          -0.565         0.528         0.383         1.218        -0.007
 IH29          -0.580         0.292         0.294         1.322         1.278
 IH31           4.356        -0.151         4.018         0.324        -1.063
 IH37           1.932         1.061         2.724        -0.833        -1.100
 IH38          -1.144         1.437         1.184        -0.239         0.384
 IH39           2.323         0.457         2.239         1.593         0.049
 IH40           1.009         2.128        -1.158         2.974         3.773
 IH43           1.499         2.034         0.853        -1.116        -0.380


           Normalized Residuals for Covariances/Correlations/Residual Correlations
              IH29          IH31          IH37          IH38          IH39
              ________      ________      ________      ________      ________
 IH29          -0.001
 IH31          -1.010         0.023
 IH37          -0.026         1.944         0.006
 IH38          -0.891         3.778         0.020         0.006
 IH39           2.082        -0.536         0.098        -0.617         0.005
 IH40           4.173         0.355        -2.788         0.583         5.077
 IH43           1.023         3.667        -0.519        -0.488         2.180


           Normalized Residuals for Covariances/Correlations/Residual Correlations
              IH40          IH43
              ________      ________
 IH40          -0.013
 IH43           0.665         0.000


MODEL MODIFICATION INDICES

NOTE:  Modification indices for direct effects of observed dependent variables
regressed on covariates may not be included.  To include these, request
MODINDICES (ALL).

Minimum M.I. value for printing the modification index    20.000

                            M.I.     E.P.C.  Std E.P.C.  StdYX E.P.C.

BY Statements

HUMILITY BY IH24           30.003     0.710      0.710        0.523
HUMILITY BY IH31           23.231    -0.755     -0.755       -0.460
HUMILITY BY IH37           23.581     0.431      0.431        0.260
HUMILITY BY IH40           47.361    -0.666     -0.666       -0.404
HUMILITY BY IH43           40.144    -0.491     -0.491       -0.341
VANITY   BY IH31           37.313     0.357      0.357        0.217
EMBARRAS BY IH31           44.272     0.629      0.629        0.383
BOREDOM  BY IH27           34.228     0.694      0.694        0.499
BOREDOM  BY IH51           25.982     0.597      0.597        0.436
BOREDOM  BY IH40           44.695     0.636      0.636        0.386

WITH Statements

IH35     WITH IH34         56.778     0.238      0.238        0.288
IH45     WITH IH27         22.841     0.171      0.171        0.193
IH45     WITH IH34         88.279     0.292      0.292        0.362
IH45     WITH IH35         88.717     0.298      0.298        0.359
IH51     WITH IH27         21.423     0.191      0.191        0.196
IH51     WITH IH34         31.959     0.200      0.200        0.227
IH51     WITH IH35         25.803     0.183      0.183        0.201
IH51     WITH IH45         25.723     0.180      0.180        0.203
IH24     WITH IH35         27.713     0.212      0.212        0.191
IH24     WITH IH45         31.409     0.221      0.221        0.205
IH25     WITH IH27         25.920     0.267      0.267        0.195
IH25     WITH IH34         21.716     0.215      0.215        0.173
IH25     WITH IH35         26.416     0.243      0.243        0.190
IH25     WITH IH51         20.783     0.237      0.237        0.173
IH31     WITH IH24         29.287     0.339      0.339        0.199
IH39     WITH IH35         26.637     0.199      0.199        0.189
IH39     WITH IH45         56.327     0.284      0.284        0.277
IH39     WITH IH55         24.611     0.181      0.181        0.186
IH39     WITH IH51         21.702     0.198      0.198        0.176
IH39     WITH IH08         25.889     0.283      0.283        0.189
IH40     WITH IH51         23.791     0.260      0.260        0.180
IH40     WITH IH08         25.798     0.355      0.355        0.185
IH40     WITH IH37         25.614    -0.332     -0.332       -0.199
IH40     WITH IH39         56.598     0.459      0.459        0.275


TECHNICAL 4 OUTPUT


     ESTIMATES DERIVED FROM THE MODEL


           ESTIMATED MEANS FOR THE LATENT VARIABLES
              HUMILITY      VANITY        EMBARRAS      BOREDOM
              ________      ________      ________      ________
      1         0.000         0.000         0.000         0.000


           ESTIMATED COVARIANCE MATRIX FOR THE LATENT VARIABLES
              HUMILITY      VANITY        EMBARRAS      BOREDOM
              ________      ________      ________      ________
 HUMILITY       1.000
 VANITY        -0.261         1.000
 EMBARRAS      -0.729         0.439         1.000
 BOREDOM       -0.837         0.185         0.700         1.000


           ESTIMATED CORRELATION MATRIX FOR THE LATENT VARIABLES
              HUMILITY      VANITY        EMBARRAS      BOREDOM
              ________      ________      ________      ________
 HUMILITY       1.000
 VANITY        -0.261         1.000
 EMBARRAS      -0.729         0.439         1.000
 BOREDOM       -0.837         0.185         0.700         1.000


PLOT INFORMATION

The following plots are available:

  Histograms of sample values
  Scatterplots (sample values)

DIAGRAM INFORMATION

  Use View Diagram under the Diagram menu in the Mplus Editor to view the diagram.
  If running Mplus from the Mplus Diagrammer, the diagram opens automatically.

  Diagram output
    c:\users\kathryn\dropbox\documents\intellectual humility\4 factors final scales study3.dgm

     Beginning Time:  23:27:40
        Ending Time:  23:27:42
       Elapsed Time:  00:00:02



MUTHEN & MUTHEN
3463 Stoner Ave.
Los Angeles, CA  90066

Tel: (310) 391-9971
Fax: (310) 391-8971
Web: www.StatModel.com
Support: Support@StatModel.com

Copyright (c) 1998-2012 Muthen & Muthen
