Mplus VERSION 7
MUTHEN & MUTHEN
03/24/2016  11:17 PM

INPUT INSTRUCTIONS


  TITLE: IH CFA

  DATA: FILE IS "C:\Users\Kathryn\dropbox\Documents\Intellectual Humility\
  study 3 1185 part only items.csv";

  VARIABLE: NAMES ARE IH01-IH58;
  USEVARIABLES ARE IH27 IH34 IH35 IH45 IH50 IH51
  IH08 IH10 IH11 IH13 IH15 IH32
  IH18 IH24 IH25 IH26 IH29 IH31
  IH37 IH38 IH39 IH40 IH43;

  MISSING ARE ALL (999);

  ANALYSIS:
  TYPE=GENERAL;
  ESTIMATOR=MLR;

  MODEL:
  humility BY IH27* IH34 IH35 IH45 IH50 IH51;
  vanity BY IH08* IH10 IH11 IH13 IH15 IH32;
  embarrassed BY IH37* IH38 IH39 IH40 IH43;
  boredom BY IH18* IH24 IH25 IH26 IH29 IH31;
  humility-boredom@1;

  OUTPUT: STDYX tech4 modindices(20) RESIDUAL;




*** WARNING
  Variable name contains more than 8 characters.
  Only the first 8 characters will be printed in the output.
  Variable: EMBARRASSED
*** WARNING
  Data set contains cases with missing on all variables.
  These cases were not included in the analysis.
  Number of cases with missing on all variables:  3
   2 WARNING(S) FOUND IN THE INPUT INSTRUCTIONS



IH CFA

SUMMARY OF ANALYSIS

Number of groups                                                 1
Number of observations                                        1182

Number of dependent variables                                   23
Number of independent variables                                  0
Number of continuous latent variables                            4

Observed dependent variables

  Continuous
   IH27        IH34        IH35        IH45        IH50        IH51
   IH08        IH10        IH11        IH13        IH15        IH32
   IH18        IH24        IH25        IH26        IH29        IH31
   IH37        IH38        IH39        IH40        IH43

Continuous latent variables
   HUMILITY    VANITY      EMBARRAS    BOREDOM


Estimator                                                      MLR
Information matrix                                        OBSERVED
Maximum number of iterations                                  1000
Convergence criterion                                    0.500D-04
Maximum number of steepest descent iterations                   20
Maximum number of iterations for H1                           2000
Convergence criterion for H1                             0.100D-03

Input data file(s)
  C:\Users\Kathryn\dropbox\Documents\Intellectual Humility\study 3 1185 part onl

Input data format  FREE


SUMMARY OF DATA

     Number of missing data patterns            41


COVARIANCE COVERAGE OF DATA

Minimum covariance coverage value   0.100


     PROPORTION OF DATA PRESENT


           Covariance Coverage
              IH27          IH34          IH35          IH45          IH50
              ________      ________      ________      ________      ________
 IH27           0.997
 IH34           0.994         0.997
 IH35           0.993         0.994         0.997
 IH45           0.993         0.994         0.994         0.997
 IH50           0.990         0.992         0.992         0.991         0.993
 IH51           0.993         0.994         0.994         0.994         0.991
 IH08           0.992         0.994         0.993         0.994         0.990
 IH10           0.992         0.993         0.993         0.993         0.990
 IH11           0.992         0.992         0.992         0.992         0.990
 IH13           0.992         0.993         0.992         0.992         0.989
 IH15           0.991         0.992         0.991         0.992         0.989
 IH32           0.993         0.994         0.993         0.993         0.990
 IH18           0.992         0.993         0.992         0.992         0.989
 IH24           0.990         0.991         0.990         0.991         0.988
 IH25           0.992         0.992         0.992         0.992         0.989
 IH26           0.993         0.994         0.994         0.994         0.991
 IH29           0.996         0.997         0.996         0.996         0.992
 IH31           0.992         0.992         0.992         0.992         0.989
 IH37           0.995         0.997         0.995         0.995         0.992
 IH38           0.992         0.993         0.992         0.992         0.989
 IH39           0.995         0.997         0.995         0.995         0.992
 IH40           0.992         0.992         0.992         0.992         0.989
 IH43           0.994         0.995         0.995         0.995         0.992


           Covariance Coverage
              IH51          IH08          IH10          IH11          IH13
              ________      ________      ________      ________      ________
 IH51           0.997
 IH08           0.993         0.996
 IH10           0.993         0.992         0.996
 IH11           0.992         0.992         0.992         0.995
 IH13           0.992         0.992         0.991         0.990         0.995
 IH15           0.991         0.991         0.990         0.991         0.991
 IH32           0.993         0.992         0.992         0.992         0.992
 IH18           0.992         0.993         0.992         0.991         0.991
 IH24           0.991         0.990         0.989         0.988         0.987
 IH25           0.992         0.991         0.991         0.990         0.990
 IH26           0.994         0.993         0.994         0.992         0.992
 IH29           0.996         0.995         0.995         0.994         0.994
 IH31           0.992         0.991         0.991         0.991         0.990
 IH37           0.995         0.994         0.994         0.993         0.993
 IH38           0.992         0.992         0.992         0.991         0.991
 IH39           0.995         0.995         0.995         0.993         0.994
 IH40           0.992         0.992         0.992         0.992         0.990
 IH43           0.995         0.994         0.994         0.993         0.992


           Covariance Coverage
              IH15          IH32          IH18          IH24          IH25
              ________      ________      ________      ________      ________
 IH15           0.994
 IH32           0.991         0.997
 IH18           0.990         0.992         0.995
 IH24           0.986         0.989         0.988         0.992
 IH25           0.990         0.992         0.990         0.988         0.995
 IH26           0.991         0.993         0.992         0.990         0.992
 IH29           0.993         0.996         0.994         0.992         0.994
 IH31           0.990         0.992         0.990         0.987         0.990
 IH37           0.992         0.995         0.993         0.992         0.993
 IH38           0.990         0.992         0.991         0.988         0.991
 IH39           0.993         0.995         0.994         0.991         0.993
 IH40           0.990         0.992         0.991         0.988         0.990
 IH43           0.992         0.994         0.993         0.991         0.992


           Covariance Coverage
              IH26          IH29          IH31          IH37          IH38
              ________      ________      ________      ________      ________
 IH26           0.997
 IH29           0.996         0.999
 IH31           0.992         0.994         0.995
 IH37           0.995         0.997         0.993         0.998
 IH38           0.993         0.995         0.991         0.994         0.996
 IH39           0.996         0.997         0.993         0.997         0.995
 IH40           0.993         0.994         0.990         0.993         0.992
 IH43           0.995         0.997         0.992         0.996         0.993


           Covariance Coverage
              IH39          IH40          IH43
              ________      ________      ________
 IH39           0.998
 IH40           0.994         0.995
 IH43           0.996         0.993         0.997



THE MODEL ESTIMATION TERMINATED NORMALLY



MODEL FIT INFORMATION

Number of Free Parameters                       75

Loglikelihood

          H0 Value                      -44741.416
          H0 Scaling Correction Factor      1.3488
            for MLR
          H1 Value                      -43872.456
          H1 Scaling Correction Factor      1.3388
            for MLR

Information Criteria

          Akaike (AIC)                   89632.833
          Bayesian (BIC)                 90013.455
          Sample-Size Adjusted BIC       89775.228
            (n* = (n + 2) / 24)

Chi-Square Test of Model Fit

          Value                           1301.344*
          Degrees of Freedom                   224
          P-Value                           0.0000
          Scaling Correction Factor         1.3355
            for MLR

*   The chi-square value for MLM, MLMV, MLR, ULSMV, WLSM and WLSMV cannot be used
    for chi-square difference testing in the regular way.  MLM, MLR and WLSM
    chi-square difference testing is described on the Mplus website.  MLMV, WLSMV,
    and ULSMV difference testing is done using the DIFFTEST option.

RMSEA (Root Mean Square Error Of Approximation)

          Estimate                           0.064
          90 Percent C.I.                    0.060  0.067
          Probability RMSEA <= .05           0.000

CFI/TLI

          CFI                                0.835
          TLI                                0.814

Chi-Square Test of Model Fit for the Baseline Model

          Value                           6795.312
          Degrees of Freedom                   253
          P-Value                           0.0000

SRMR (Standardized Root Mean Square Residual)

          Value                              0.066



MODEL RESULTS

                                                    Two-Tailed
                    Estimate       S.E.  Est./S.E.    P-Value

 HUMILITY BY
    IH27              -0.973      0.047    -20.920      0.000
    IH34               0.735      0.041     17.797      0.000
    IH35               0.697      0.042     16.549      0.000
    IH45               0.722      0.045     15.974      0.000
    IH50              -0.773      0.045    -17.288      0.000
    IH51              -0.947      0.047    -20.163      0.000

 VANITY   BY
    IH08              -0.993      0.052    -19.107      0.000
    IH10               0.862      0.051     16.833      0.000
    IH11               1.042      0.047     21.937      0.000
    IH13              -0.638      0.057    -11.244      0.000
    IH15               1.094      0.046     23.969      0.000
    IH32               1.273      0.043     29.882      0.000

 EMBARRAS BY
    IH37               1.207      0.044     27.123      0.000
    IH38               1.148      0.038     30.554      0.000
    IH39              -0.832      0.049    -16.953      0.000
    IH40              -0.758      0.060    -12.661      0.000
    IH43               0.998      0.043     23.080      0.000

 BOREDOM  BY
    IH18               0.866      0.042     20.724      0.000
    IH24              -0.627      0.045    -13.989      0.000
    IH25               0.889      0.048     18.324      0.000
    IH26               0.783      0.048     16.449      0.000
    IH29               1.009      0.041     24.503      0.000
    IH31               0.837      0.055     15.123      0.000

 VANITY   WITH
    HUMILITY          -0.279      0.035     -7.963      0.000

 EMBARRAS WITH
    HUMILITY          -0.731      0.027    -27.523      0.000
    VANITY             0.458      0.033     13.798      0.000

 BOREDOM  WITH
    HUMILITY          -0.833      0.025    -33.259      0.000
    VANITY             0.194      0.041      4.759      0.000
    EMBARRASSE         0.700      0.029     24.091      0.000

 Intercepts
    IH27               2.440      0.040     60.343      0.000
    IH34               6.019      0.034    179.321      0.000
    IH35               5.873      0.034    174.339      0.000
    IH45               5.832      0.034    174.062      0.000
    IH50               1.791      0.034     52.914      0.000
    IH51               2.337      0.040     58.580      0.000
    IH08               4.304      0.048     90.590      0.000
    IH10               4.352      0.046     94.745      0.000
    IH11               4.135      0.046     89.022      0.000
    IH13               4.868      0.046    106.342      0.000
    IH15               3.906      0.047     83.184      0.000
    IH32               3.948      0.049     81.304      0.000
    IH18               3.105      0.043     71.918      0.000
    IH24               5.551      0.040    140.202      0.000
    IH25               3.348      0.048     69.605      0.000
    IH26               3.172      0.044     72.600      0.000
    IH29               2.731      0.043     63.529      0.000
    IH31               2.874      0.048     60.006      0.000
    IH37               3.457      0.048     71.506      0.000
    IH38               2.715      0.042     64.745      0.000
    IH39               5.012      0.041    121.977      0.000
    IH40               4.442      0.048     92.537      0.000
    IH43               2.617      0.042     62.528      0.000

 Variances
    HUMILITY           1.000      0.000    999.000    999.000
    VANITY             1.000      0.000    999.000    999.000
    EMBARRASSE         1.000      0.000    999.000    999.000
    BOREDOM            1.000      0.000    999.000    999.000

 Residual Variances
    IH27               0.985      0.082     12.020      0.000
    IH34               0.788      0.084      9.421      0.000
    IH35               0.853      0.082     10.358      0.000
    IH45               0.799      0.072     11.116      0.000
    IH50               0.743      0.056     13.171      0.000
    IH51               0.978      0.078     12.499      0.000
    IH08               1.674      0.100     16.802      0.000
    IH10               1.741      0.092     18.883      0.000
    IH11               1.457      0.090     16.203      0.000
    IH13               2.059      0.104     19.879      0.000
    IH15               1.402      0.079     17.830      0.000
    IH32               1.162      0.080     14.579      0.000
    IH18               1.446      0.083     17.327      0.000
    IH24               1.449      0.090     16.089      0.000
    IH25               1.935      0.096     20.105      0.000
    IH26               1.636      0.090     18.190      0.000
    IH29               1.165      0.077     15.045      0.000
    IH31               1.997      0.100     19.948      0.000
    IH37               1.304      0.092     14.108      0.000
    IH38               0.759      0.055     13.687      0.000
    IH39               1.301      0.081     16.039      0.000
    IH40               2.138      0.103     20.731      0.000
    IH43               1.075      0.071     15.175      0.000


STANDARDIZED MODEL RESULTS


STDYX Standardization

                                                    Two-Tailed
                    Estimate       S.E.  Est./S.E.    P-Value

 HUMILITY BY
    IH27              -0.700      0.026    -26.616      0.000
    IH34               0.638      0.033     19.306      0.000
    IH35               0.602      0.035     17.014      0.000
    IH45               0.628      0.035     18.134      0.000
    IH50              -0.668      0.023    -29.256      0.000
    IH51              -0.692      0.026    -26.384      0.000

 VANITY   BY
    IH08              -0.609      0.029    -20.983      0.000
    IH10               0.547      0.029     18.595      0.000
    IH11               0.653      0.026     25.205      0.000
    IH13              -0.406      0.035    -11.473      0.000
    IH15               0.679      0.023     29.587      0.000
    IH32               0.763      0.019     39.603      0.000

 EMBARRAS BY
    IH37               0.726      0.023     32.154      0.000
    IH38               0.797      0.017     47.711      0.000
    IH39              -0.590      0.030    -19.631      0.000
    IH40              -0.460      0.035    -13.130      0.000
    IH43               0.693      0.023     30.211      0.000

 BOREDOM  BY
    IH18               0.584      0.026     22.397      0.000
    IH24              -0.462      0.031    -14.875      0.000
    IH25               0.538      0.027     19.685      0.000
    IH26               0.522      0.030     17.592      0.000
    IH29               0.683      0.023     29.867      0.000
    IH31               0.510      0.031     16.418      0.000

 VANITY   WITH
    HUMILITY          -0.279      0.035     -7.963      0.000

 EMBARRAS WITH
    HUMILITY          -0.731      0.027    -27.523      0.000
    VANITY             0.458      0.033     13.798      0.000

 BOREDOM  WITH
    HUMILITY          -0.833      0.025    -33.259      0.000
    VANITY             0.194      0.041      4.759      0.000
    EMBARRASSE         0.700      0.029     24.091      0.000

 Intercepts
    IH27               1.755      0.033     53.462      0.000
    IH34               5.222      0.197     26.537      0.000
    IH35               5.076      0.169     30.108      0.000
    IH45               5.073      0.163     31.182      0.000
    IH50               1.547      0.038     40.946      0.000
    IH51               1.707      0.032     54.096      0.000
    IH08               2.638      0.053     49.363      0.000
    IH10               2.761      0.065     42.599      0.000
    IH11               2.594      0.055     47.091      0.000
    IH13               3.100      0.075     41.446      0.000
    IH15               2.424      0.050     48.517      0.000
    IH32               2.366      0.048     49.068      0.000
    IH18               2.095      0.036     58.213      0.000
    IH24               4.089      0.123     33.320      0.000
    IH25               2.028      0.035     58.728      0.000
    IH26               2.115      0.039     54.363      0.000
    IH29               1.849      0.031     60.172      0.000
    IH31               1.750      0.028     63.202      0.000
    IH37               2.081      0.037     56.371      0.000
    IH38               1.884      0.032     58.787      0.000
    IH39               3.550      0.094     37.893      0.000
    IH40               2.697      0.055     49.388      0.000
    IH43               1.819      0.031     57.856      0.000

 Variances
    HUMILITY           1.000      0.000    999.000    999.000
    VANITY             1.000      0.000    999.000    999.000
    EMBARRASSE         1.000      0.000    999.000    999.000
    BOREDOM            1.000      0.000    999.000    999.000

 Residual Variances
    IH27               0.510      0.037     13.837      0.000
    IH34               0.593      0.042     14.087      0.000
    IH35               0.638      0.043     14.963      0.000
    IH45               0.605      0.044     13.888      0.000
    IH50               0.554      0.030     18.191      0.000
    IH51               0.522      0.036     14.384      0.000
    IH08               0.629      0.035     17.810      0.000
    IH10               0.701      0.032     21.773      0.000
    IH11               0.573      0.034     16.916      0.000
    IH13               0.835      0.029     29.037      0.000
    IH15               0.540      0.031     17.336      0.000
    IH32               0.418      0.029     14.195      0.000
    IH18               0.659      0.030     21.607      0.000
    IH24               0.786      0.029     27.368      0.000
    IH25               0.710      0.029     24.118      0.000
    IH26               0.727      0.031     23.471      0.000
    IH29               0.534      0.031     17.081      0.000
    IH31               0.740      0.032     23.392      0.000
    IH37               0.472      0.033     14.397      0.000
    IH38               0.365      0.027     13.732      0.000
    IH39               0.652      0.035     18.422      0.000
    IH40               0.788      0.032     24.408      0.000
    IH43               0.519      0.032     16.327      0.000


R-SQUARE

    Observed                                        Two-Tailed
    Variable        Estimate       S.E.  Est./S.E.    P-Value

    IH27               0.490      0.037     13.308      0.000
    IH34               0.407      0.042      9.653      0.000
    IH35               0.362      0.043      8.507      0.000
    IH45               0.395      0.044      9.067      0.000
    IH50               0.446      0.030     14.628      0.000
    IH51               0.478      0.036     13.192      0.000
    IH08               0.371      0.035     10.491      0.000
    IH10               0.299      0.032      9.298      0.000
    IH11               0.427      0.034     12.602      0.000
    IH13               0.165      0.029      5.736      0.000
    IH15               0.460      0.031     14.793      0.000
    IH32               0.582      0.029     19.801      0.000
    IH18               0.341      0.030     11.199      0.000
    IH24               0.214      0.029      7.438      0.000
    IH25               0.290      0.029      9.843      0.000
    IH26               0.273      0.031      8.796      0.000
    IH29               0.466      0.031     14.933      0.000
    IH31               0.260      0.032      8.209      0.000
    IH37               0.528      0.033     16.077      0.000
    IH38               0.635      0.027     23.856      0.000
    IH39               0.348      0.035      9.815      0.000
    IH40               0.212      0.032      6.565      0.000
    IH43               0.481      0.032     15.106      0.000


QUALITY OF NUMERICAL RESULTS

     Condition Number for the Information Matrix              0.899E-02
       (ratio of smallest to largest eigenvalue)


RESIDUAL OUTPUT


     ESTIMATED MODEL AND RESIDUALS (OBSERVED - ESTIMATED)


           Model Estimated Means/Intercepts/Thresholds
              IH27          IH34          IH35          IH45          IH50
              ________      ________      ________      ________      ________
      1         2.440         6.019         5.873         5.832         1.791


           Model Estimated Means/Intercepts/Thresholds
              IH51          IH08          IH10          IH11          IH13
              ________      ________      ________      ________      ________
      1         2.337         4.304         4.352         4.135         4.868


           Model Estimated Means/Intercepts/Thresholds
              IH15          IH32          IH18          IH24          IH25
              ________      ________      ________      ________      ________
      1         3.906         3.948         3.105         5.551         3.348


           Model Estimated Means/Intercepts/Thresholds
              IH26          IH29          IH31          IH37          IH38
              ________      ________      ________      ________      ________
      1         3.172         2.731         2.874         3.457         2.715


           Model Estimated Means/Intercepts/Thresholds
              IH39          IH40          IH43
              ________      ________      ________
      1         5.012         4.442         2.617


           Residuals for Means/Intercepts/Thresholds
              IH27          IH34          IH35          IH45          IH50
              ________      ________      ________      ________      ________
      1         0.000         0.002         0.000        -0.002         0.002


           Residuals for Means/Intercepts/Thresholds
              IH51          IH08          IH10          IH11          IH13
              ________      ________      ________      ________      ________
      1         0.000        -0.001         0.000         0.000         0.000


           Residuals for Means/Intercepts/Thresholds
              IH15          IH32          IH18          IH24          IH25
              ________      ________      ________      ________      ________
      1         0.001        -0.001        -0.001         0.000         0.001


           Residuals for Means/Intercepts/Thresholds
              IH26          IH29          IH31          IH37          IH38
              ________      ________      ________      ________      ________
      1         0.000         0.000         0.001         0.001        -0.001


           Residuals for Means/Intercepts/Thresholds
              IH39          IH40          IH43
              ________      ________      ________
      1         0.000         0.001         0.000


           Standardized Residuals (z-scores) for Means/Intercepts/Thresholds
              IH27          IH34          IH35          IH45          IH50
              ________      ________      ________      ________      ________
      1       999.000       999.000        -0.083        -0.777         1.021


           Standardized Residuals (z-scores) for Means/Intercepts/Thresholds
              IH51          IH08          IH10          IH11          IH13
              ________      ________      ________      ________      ________
      1       999.000       999.000         0.352       999.000       999.000


           Standardized Residuals (z-scores) for Means/Intercepts/Thresholds
              IH15          IH32          IH18          IH24          IH25
              ________      ________      ________      ________      ________
      1       999.000       999.000       999.000        -0.305         2.437


           Standardized Residuals (z-scores) for Means/Intercepts/Thresholds
              IH26          IH29          IH31          IH37          IH38
              ________      ________      ________      ________      ________
      1         0.529         0.225       999.000         0.717       999.000


           Standardized Residuals (z-scores) for Means/Intercepts/Thresholds
              IH39          IH40          IH43
              ________      ________      ________
      1        -0.299       999.000        -0.417


           Normalized Residuals for Means/Intercepts/Thresholds
              IH27          IH34          IH35          IH45          IH50
              ________      ________      ________      ________      ________
      1        -0.012         0.052        -0.003        -0.056         0.053


           Normalized Residuals for Means/Intercepts/Thresholds
              IH51          IH08          IH10          IH11          IH13
              ________      ________      ________      ________      ________
      1         0.003        -0.025         0.007         0.008        -0.006


           Normalized Residuals for Means/Intercepts/Thresholds
              IH15          IH32          IH18          IH24          IH25
              ________      ________      ________      ________      ________
      1         0.019        -0.023        -0.029        -0.011         0.013


           Normalized Residuals for Means/Intercepts/Thresholds
              IH26          IH29          IH31          IH37          IH38
              ________      ________      ________      ________      ________
      1         0.011         0.003         0.015         0.012        -0.013


           Normalized Residuals for Means/Intercepts/Thresholds
              IH39          IH40          IH43
              ________      ________      ________
      1        -0.006         0.030        -0.006


           Model Estimated Covariances/Correlations/Residual Correlations
              IH27          IH34          IH35          IH45          IH50
              ________      ________      ________      ________      ________
 IH27           1.932
 IH34          -0.715         1.328
 IH35          -0.678         0.512         1.338
 IH45          -0.703         0.531         0.503         1.321
 IH50           0.752        -0.568        -0.538        -0.558         1.340
 IH51           0.922        -0.696        -0.660        -0.684         0.732
 IH08          -0.270         0.204         0.193         0.200        -0.214
 IH10           0.234        -0.177        -0.168        -0.174         0.186
 IH11           0.283        -0.214        -0.202        -0.210         0.225
 IH13          -0.173         0.131         0.124         0.129        -0.137
 IH15           0.297        -0.224        -0.213        -0.220         0.236
 IH32           0.346        -0.261        -0.247        -0.257         0.275
 IH18           0.702        -0.530        -0.502        -0.521         0.557
 IH24          -0.508         0.384         0.364         0.377        -0.404
 IH25           0.720        -0.544        -0.515        -0.534         0.572
 IH26           0.635        -0.479        -0.454        -0.471         0.504
 IH29           0.818        -0.617        -0.585        -0.607         0.649
 IH31           0.678        -0.512        -0.486        -0.504         0.539
 IH37           0.858        -0.648        -0.614        -0.637         0.682
 IH38           0.817        -0.617        -0.585        -0.606         0.649
 IH39          -0.592         0.447         0.424         0.440        -0.470
 IH40          -0.539         0.407         0.386         0.400        -0.428
 IH43           0.710        -0.536        -0.508        -0.527         0.563


           Model Estimated Covariances/Correlations/Residual Correlations
              IH51          IH08          IH10          IH11          IH13
              ________      ________      ________      ________      ________
 IH51           1.875
 IH08          -0.262         2.660
 IH10           0.228        -0.856         2.485
 IH11           0.275        -1.035         0.898         2.542
 IH13          -0.169         0.633        -0.550        -0.664         2.466
 IH15           0.289        -1.086         0.943         1.139        -0.697
 IH32           0.336        -1.264         1.098         1.327        -0.812
 IH18           0.683        -0.167         0.145         0.175        -0.107
 IH24          -0.495         0.121        -0.105        -0.127         0.078
 IH25           0.701        -0.171         0.149         0.180        -0.110
 IH26           0.618        -0.151         0.131         0.159        -0.097
 IH29           0.796        -0.195         0.169         0.204        -0.125
 IH31           0.660        -0.162         0.140         0.169        -0.104
 IH37           0.835        -0.548         0.476         0.575        -0.352
 IH38           0.795        -0.522         0.453         0.547        -0.335
 IH39          -0.576         0.378        -0.328        -0.397         0.243
 IH40          -0.525         0.345        -0.299        -0.362         0.221
 IH43           0.690        -0.453         0.394         0.476        -0.291


           Model Estimated Covariances/Correlations/Residual Correlations
              IH15          IH32          IH18          IH24          IH25
              ________      ________      ________      ________      ________
 IH15           2.598
 IH32           1.392         2.783
 IH18           0.184         0.214         2.196
 IH24          -0.133        -0.155        -0.543         1.842
 IH25           0.189         0.220         0.769        -0.558         2.725
 IH26           0.166         0.194         0.678        -0.491         0.696
 IH29           0.214         0.250         0.874        -0.633         0.897
 IH31           0.178         0.207         0.725        -0.525         0.744
 IH37           0.604         0.703         0.732        -0.530         0.751
 IH38           0.575         0.669         0.696        -0.504         0.714
 IH39          -0.417        -0.485        -0.505         0.366        -0.518
 IH40          -0.379        -0.442        -0.460         0.333        -0.472
 IH43           0.499         0.581         0.605        -0.438         0.621


           Model Estimated Covariances/Correlations/Residual Correlations
              IH26          IH29          IH31          IH37          IH38
              ________      ________      ________      ________      ________
 IH26           2.250
 IH29           0.790         2.183
 IH31           0.656         0.845         2.698
 IH37           0.662         0.853         0.707         2.761
 IH38           0.630         0.811         0.673         1.386         2.078
 IH39          -0.456        -0.588        -0.488        -1.005        -0.956
 IH40          -0.416        -0.536        -0.444        -0.915        -0.871
 IH43           0.547         0.705         0.585         1.204         1.145


           Model Estimated Covariances/Correlations/Residual Correlations
              IH39          IH40          IH43
              ________      ________      ________
 IH39           1.994
 IH40           0.631         2.713
 IH43          -0.830        -0.756         2.071


           Residuals for Covariances/Correlations/Residual Correlations
              IH27          IH34          IH35          IH45          IH50
              ________      ________      ________      ________      ________
 IH27           0.000
 IH34           0.094         0.000
 IH35           0.099         0.182         0.003
 IH45           0.115         0.221         0.236         0.005
 IH50           0.005        -0.007         0.024         0.040         0.002
 IH51           0.129         0.150         0.124         0.131         0.066
 IH08           0.083        -0.046         0.011        -0.027         0.154
 IH10          -0.104         0.128         0.279         0.120         0.019
 IH11           0.086         0.149         0.210         0.174         0.010
 IH13          -0.220         0.334         0.374         0.368        -0.165
 IH15           0.123        -0.031         0.068         0.045         0.096
 IH32           0.072         0.097         0.176         0.170         0.150
 IH18           0.074         0.063         0.128         0.027        -0.022
 IH24          -0.123         0.133         0.217         0.223         0.015
 IH25           0.224         0.249         0.262         0.231        -0.144
 IH26           0.139         0.155         0.119         0.163        -0.036
 IH29           0.058         0.137         0.023         0.081        -0.036
 IH31           0.176        -0.012         0.084         0.091         0.177
 IH37          -0.089         0.175         0.197         0.163        -0.130
 IH38           0.042         0.010         0.068         0.017         0.090
 IH39           0.092         0.118         0.142         0.229         0.126
 IH40           0.298         0.008        -0.062        -0.049         0.267
 IH43           0.127        -0.157        -0.080         0.004         0.230


           Residuals for Covariances/Correlations/Residual Correlations
              IH51          IH08          IH10          IH11          IH13
              ________      ________      ________      ________      ________
 IH51           0.000
 IH08           0.075        -0.002
 IH10          -0.013         0.113         0.000
 IH11           0.042         0.057         0.097         0.001
 IH13          -0.182         0.242         0.164         0.153        -0.002
 IH15           0.163         0.043         0.058         0.020        -0.020
 IH32           0.162        -0.035         0.039         0.006         0.082
 IH18           0.018         0.160         0.078         0.047        -0.058
 IH24          -0.078        -0.070         0.241         0.220         0.287
 IH25           0.198         0.154        -0.082         0.144        -0.086
 IH26           0.016         0.267        -0.241        -0.004        -0.024
 IH29           0.104         0.258        -0.200         0.019        -0.021
 IH31           0.227        -0.079         0.221         0.267        -0.339
 IH37           0.045        -0.005        -0.020         0.207        -0.214
 IH38           0.091         0.117        -0.127        -0.005        -0.233
 IH39           0.129         0.130         0.205         0.127         0.318
 IH40           0.360         0.229         0.285         0.129         0.176
 IH43           0.176         0.150        -0.030         0.133        -0.181


           Residuals for Covariances/Correlations/Residual Correlations
              IH15          IH32          IH18          IH24          IH25
              ________      ________      ________      ________      ________
 IH15           0.001
 IH32          -0.018        -0.002
 IH18           0.055        -0.010        -0.001
 IH24           0.169         0.119         0.109         0.003
 IH25           0.087         0.058        -0.006        -0.056        -0.001
 IH26           0.013        -0.055         0.039         0.027         0.101
 IH29           0.039        -0.056         0.021         0.021         0.105
 IH31           0.430         0.378        -0.008         0.281         0.033
 IH37           0.160         0.149         0.090         0.183        -0.068
 IH38          -0.084        -0.110         0.108         0.071        -0.014
 IH39           0.132         0.195         0.030         0.147         0.120
 IH40           0.142         0.104         0.170        -0.081         0.259
 IH43           0.114         0.091         0.144         0.053        -0.086


           Residuals for Covariances/Correlations/Residual Correlations
              IH26          IH29          IH31          IH37          IH38
              ________      ________      ________      ________      ________
 IH26          -0.001
 IH29           0.086         0.000
 IH31          -0.085        -0.084         0.003
 IH37          -0.090        -0.002         0.172         0.001
 IH38           0.028        -0.066         0.312         0.008         0.000
 IH39           0.005         0.138        -0.041         0.006        -0.042
 IH40           0.302         0.316         0.030        -0.246         0.044
 IH43          -0.032         0.070         0.304        -0.039        -0.038


           Residuals for Covariances/Correlations/Residual Correlations
              IH39          IH40          IH43
              ________      ________      ________
 IH39           0.001
 IH40           0.387        -0.001
 IH43           0.149         0.051         0.000


           Standardized Residuals (z-scores) for Covariances/Correlations/Residual Corr
              IH27          IH34          IH35          IH45          IH50
              ________      ________      ________      ________      ________
 IH27         999.000
 IH34           2.585        -0.070
 IH35           3.210       999.000         0.509
 IH45           3.448       999.000       999.000         0.600
 IH50           0.142        -0.293         1.108         2.197         1.394
 IH51         999.000         4.269         4.148         4.022         2.125
 IH08           1.385        -0.905         0.225        -0.528         3.688
 IH10          -1.789         2.616         5.071         2.256         0.447
 IH11           1.537         2.981         4.306         3.450         0.254
 IH13          -3.781         6.220         7.197         6.542        -3.278
 IH15           2.462        -0.613         1.468         0.948         2.404
 IH32           1.344         2.064         3.692         3.303         3.580
 IH18           2.584         1.640         3.748         0.723        -0.766
 IH24          -2.840         3.049         5.889         5.856         0.422
 IH25           7.148         5.683         5.682         5.273        -5.487
 IH26           3.354         3.925         3.113         4.239        -1.033
 IH29           2.292         3.922         0.694         2.320        -1.186
 IH31           5.048        -0.276         2.146         2.133         4.806
 IH37          -2.509         4.149         5.053         4.068        -5.091
 IH38           1.605         0.292         2.500         0.595         2.616
 IH39           1.915         2.648         3.413         5.706         3.737
 IH40           5.060         0.176        -1.377        -1.190         6.514
 IH43           3.802        -3.951        -2.152         0.127         5.229


           Standardized Residuals (z-scores) for Covariances/Correlations/Residual Corr
              IH51          IH08          IH10          IH11          IH13
              ________      ________      ________      ________      ________
 IH51         999.000
 IH08           1.296       999.000
 IH10          -0.244         2.236       999.000
 IH11           0.734         1.274         2.664         0.291
 IH13          -3.141         5.812         2.902         2.869       999.000
 IH15           3.283         0.997         1.487         0.612        -0.449
 IH32           3.331        -1.344         1.292         0.267         2.049
 IH18           0.539         2.223         1.133         0.711        -0.837
 IH24          -1.773        -1.043         3.773         3.553         4.385
 IH25           5.489         1.948        -1.073         1.930        -1.104
 IH26           0.401         3.662        -3.285        -0.061        -0.349
 IH29           4.011         4.122        -3.065         0.330        -0.311
 IH31           7.206        -1.010         2.996         3.760        -4.248
 IH37           1.219        -0.081        -0.293         3.410        -3.172
 IH38           2.741         2.144        -2.281        -0.115        -4.004
 IH39           2.680         2.204         3.212         2.209         5.001
 IH40           6.033         3.122         3.655         1.747         2.357
 IH43           5.428         2.533        -0.534         2.564        -2.840


           Standardized Residuals (z-scores) for Covariances/Correlations/Residual Corr
              IH15          IH32          IH18          IH24          IH25
              ________      ________      ________      ________      ________
 IH15           0.387
 IH32          -0.534       999.000
 IH18           0.817        -0.160       999.000
 IH24           2.576         1.854         2.748         0.622
 IH25           1.190         0.802        -0.126        -1.093       999.000
 IH26           0.187        -0.791         0.846         0.562         1.967
 IH29           0.648        -0.995         0.517         0.556         3.003
 IH31           6.113         5.208        -0.175         5.009         0.610
 IH37           2.682         2.698         1.675         3.529        -1.021
 IH38          -1.749        -2.301         2.530         1.639        -0.285
 IH39           2.240         3.296         0.571         2.766         1.912
 IH40           1.897         1.401         2.450        -1.389         3.358
 IH43           2.180         1.849         3.250         1.159        -1.543


           Standardized Residuals (z-scores) for Covariances/Correlations/Residual Corr
              IH26          IH29          IH31          IH37          IH38
              ________      ________      ________      ________      ________
 IH26         999.000
 IH29           2.888       999.000
 IH31          -1.569        -1.852       999.000
 IH37          -1.467        -0.036         3.526         0.206
 IH38           0.569        -1.534         7.625       999.000         0.272
 IH39           0.095         2.809        -0.677         0.261        -2.315
 IH40           4.313         5.111         0.426       999.000         1.964
 IH43          -0.609         1.541         6.171        -1.272        -1.463


           Standardized Residuals (z-scores) for Covariances/Correlations/Residual Corr
              IH39          IH40          IH43
              ________      ________      ________
 IH39           0.206
 IH40         999.000       999.000
 IH43           3.547         1.263       999.000


           Normalized Residuals for Covariances/Correlations/Residual Correlations
              IH27          IH34          IH35          IH45          IH50
              ________      ________      ________      ________      ________
 IH27           0.000
 IH34           1.614        -0.002
 IH35           1.835         3.668         0.033
 IH45           2.053         3.951         4.255         0.073
 IH50           0.062        -0.134         0.488         0.842         0.020
 IH51           1.635         2.792         2.459         2.408         0.894
 IH08           1.141        -0.793         0.198        -0.459         2.881
 IH10          -1.510         2.341         4.677         2.048         0.364
 IH11           1.217         2.595         3.779         3.005         0.188
 IH13          -3.313         5.727         6.649         6.056        -2.906
 IH15           1.793        -0.522         1.246         0.793         1.732
 IH32           0.967         1.668         3.071         2.748         2.497
 IH18           1.093         1.205         2.661         0.506        -0.385
 IH24          -1.906         2.290         4.126         4.007         0.296
 IH25           2.998         4.360         4.567         3.980        -2.540
 IH26           1.850         2.974         2.346         3.132        -0.604
 IH29           0.810         2.694         0.455         1.554        -0.584
 IH31           2.154        -0.197         1.488         1.490         2.466
 IH37          -1.217         3.002         3.555         2.739        -2.157
 IH38           0.590         0.186         1.404         0.318         1.323
 IH39           1.411         1.954         2.485         3.827         2.465
 IH40           4.155         0.132        -1.039        -0.824         4.866
 IH43           1.711        -2.682        -1.465         0.081         3.130


           Normalized Residuals for Covariances/Correlations/Residual Correlations
              IH51          IH08          IH10          IH11          IH13
              ________      ________      ________      ________      ________
 IH51           0.002
 IH08           1.060        -0.030
 IH10          -0.203         1.308        -0.003
 IH11           0.584         0.649         1.149         0.008
 IH13          -2.755         2.835         2.004         1.798        -0.017
 IH15           2.385         0.494         0.692         0.234        -0.235
 IH32           2.275        -0.391         0.455         0.074         0.938
 IH18           0.248         1.990         1.020         0.606        -0.788
 IH24          -1.205        -0.977         3.554         3.249         4.234
 IH25           2.583         1.763        -0.980         1.686        -1.048
 IH26           0.217         3.351        -3.047        -0.054        -0.333
 IH29           1.413         3.460        -2.657         0.259        -0.286
 IH31           2.796        -0.906         2.702         3.220        -4.030
 IH37           0.601        -0.061        -0.234         2.399        -2.585
 IH38           1.210         1.565        -1.756        -0.074        -3.193
 IH39           1.977         1.782         2.797         1.780         4.372
 IH40           4.980         2.681         3.321         1.509         2.140
 IH43           2.325         2.009        -0.425         1.828        -2.429


           Normalized Residuals for Covariances/Correlations/Residual Correlations
              IH15          IH32          IH18          IH24          IH25
              ________      ________      ________      ________      ________
 IH15           0.007
 IH32          -0.206        -0.024
 IH18           0.695        -0.129        -0.010
 IH24           2.361         1.652         1.876         0.030
 IH25           1.025         0.662        -0.080        -0.783        -0.007
 IH26           0.163        -0.673         0.534         0.409         1.230
 IH29           0.509        -0.716         0.287         0.341         1.327
 IH31           5.151         4.250        -0.105         4.002         0.381
 IH37           1.853         1.694         1.126         2.698        -0.767
 IH38          -1.139        -1.426         1.492         1.171        -0.183
 IH39           1.807         2.564         0.442         2.225         1.573
 IH40           1.633         1.165         2.103        -1.170         2.953
 IH43           1.541         1.216         2.029         0.890        -1.107


           Normalized Residuals for Covariances/Correlations/Residual Correlations
              IH26          IH29          IH31          IH37          IH38
              ________      ________      ________      ________      ________
 IH26          -0.007
 IH29           1.207         0.002
 IH31          -1.070        -1.032         0.032
 IH37          -1.092        -0.023         1.997         0.006
 IH38           0.377        -0.910         3.809         0.109         0.005
 IH39           0.077         2.129        -0.527         0.074        -0.605
 IH40           3.789         4.196         0.358        -2.825         0.573
 IH43          -0.431         0.950         3.649        -0.525        -0.530


           Normalized Residuals for Covariances/Correlations/Residual Correlations
              IH39          IH40          IH43
              ________      ________      ________
 IH39           0.007
 IH40           5.057        -0.011
 IH43           2.259         0.708         0.001


MODEL MODIFICATION INDICES

NOTE:  Modification indices for direct effects of observed dependent variables
regressed on covariates may not be included.  To include these, request
MODINDICES (ALL).

Minimum M.I. value for printing the modification index    20.000

                            M.I.     E.P.C.  Std E.P.C.  StdYX E.P.C.

BY Statements

HUMILITY BY IH13           38.273     0.350      0.350        0.223
HUMILITY BY IH24           31.844     0.715      0.715        0.527
HUMILITY BY IH31           24.536    -0.758     -0.758       -0.462
HUMILITY BY IH37           28.584     0.477      0.477        0.287
HUMILITY BY IH40           46.066    -0.659     -0.659       -0.400
HUMILITY BY IH43           48.452    -0.541     -0.541       -0.376
VANITY   BY IH31           39.027     0.364      0.364        0.222
EMBARRAS BY IH13           26.705    -0.326     -0.326       -0.208
EMBARRAS BY IH31           45.285     0.636      0.636        0.387
BOREDOM  BY IH27           37.502     0.711      0.711        0.511
BOREDOM  BY IH34           21.926     0.460      0.460        0.400
BOREDOM  BY IH51           28.573     0.613      0.613        0.448
BOREDOM  BY IH40           44.163     0.632      0.632        0.384

WITH Statements

IH35     WITH IH34         54.883     0.233      0.233        0.284
IH45     WITH IH27         23.801     0.175      0.175        0.197
IH45     WITH IH34         82.960     0.281      0.281        0.354
IH45     WITH IH35         88.229     0.296      0.296        0.359
IH51     WITH IH27         23.851     0.202      0.202        0.206
IH51     WITH IH34         36.049     0.212      0.212        0.242
IH51     WITH IH35         23.614     0.176      0.176        0.192
IH51     WITH IH45         26.706     0.183      0.183        0.207
IH13     WITH IH35         33.146     0.274      0.274        0.206
IH13     WITH IH45         28.113     0.245      0.245        0.191
IH24     WITH IH35         27.508     0.212      0.212        0.190
IH24     WITH IH45         30.866     0.218      0.218        0.203
IH25     WITH IH27         28.562     0.281      0.281        0.204
IH25     WITH IH34         21.032     0.211      0.211        0.170
IH25     WITH IH35         23.959     0.232      0.232        0.180
IH25     WITH IH51         23.020     0.251      0.251        0.182
IH31     WITH IH24         29.321     0.339      0.339        0.199
IH39     WITH IH35         25.586     0.195      0.195        0.185
IH39     WITH IH45         54.818     0.279      0.279        0.273
IH39     WITH IH50         21.563     0.171      0.171        0.174
IH39     WITH IH51         22.271     0.201      0.201        0.178
IH39     WITH IH08         23.708     0.268      0.268        0.181
IH40     WITH IH51         24.590     0.265      0.265        0.183
IH40     WITH IH08         25.599     0.350      0.350        0.185
IH40     WITH IH37         25.909    -0.334     -0.334       -0.200
IH40     WITH IH39         56.368     0.457      0.457        0.274
IH43     WITH IH50         26.592     0.179      0.179        0.200


TECHNICAL 4 OUTPUT


     ESTIMATES DERIVED FROM THE MODEL


           ESTIMATED MEANS FOR THE LATENT VARIABLES
              HUMILITY      VANITY        EMBARRAS      BOREDOM
              ________      ________      ________      ________
      1         0.000         0.000         0.000         0.000


           ESTIMATED COVARIANCE MATRIX FOR THE LATENT VARIABLES
              HUMILITY      VANITY        EMBARRAS      BOREDOM
              ________      ________      ________      ________
 HUMILITY       1.000
 VANITY        -0.279         1.000
 EMBARRAS      -0.731         0.458         1.000
 BOREDOM       -0.833         0.194         0.700         1.000


           ESTIMATED CORRELATION MATRIX FOR THE LATENT VARIABLES
              HUMILITY      VANITY        EMBARRAS      BOREDOM
              ________      ________      ________      ________
 HUMILITY       1.000
 VANITY        -0.279         1.000
 EMBARRAS      -0.731         0.458         1.000
 BOREDOM       -0.833         0.194         0.700         1.000


DIAGRAM INFORMATION

  Use View Diagram under the Diagram menu in the Mplus Editor to view the diagram.
  If running Mplus from the Mplus Diagrammer, the diagram opens automatically.

  Diagram output
    c:\users\kathryn\dropbox\documents\intellectual humility\4 factors replication of study 2_ study

     Beginning Time:  23:17:04
        Ending Time:  23:17:06
       Elapsed Time:  00:00:02



MUTHEN & MUTHEN
3463 Stoner Ave.
Los Angeles, CA  90066

Tel: (310) 391-9971
Fax: (310) 391-8971
Web: www.StatModel.com
Support: Support@StatModel.com

Copyright (c) 1998-2012 Muthen & Muthen
